Handling sub-directory dyncall ... 
.asm.obj: Assembling dyncall_call_x86_generic_masm.asm ...
 Assembling: dyncall_call_x86_generic_masm.asm
.c.obj: Compiling dyncall_vector.c ...
dyncall_vector.c
.c.obj: Compiling dyncall_callvm.c ...
dyncall_callvm.c
.c.obj: Compiling dyncall_callvm_base.c ...
dyncall_callvm_base.c
.c.obj: Compiling dyncall_api.c ...
dyncall_api.c
.c.obj: Compiling dyncall_callf.c ...
dyncall_callf.c
.c.obj: Compiling dyncall_struct.c ...
dyncall_struct.c
Creating library libdyncall_s.lib ...
Handling sub-directory dynload ... 
.c.obj: Compiling dynload.c ...
dynload.c
.c.obj: Compiling dynload_syms.c ...
dynload_syms.c
Creating library libdynload_s.lib ...
Handling sub-directory dyncallback ... 
.c.obj: Compiling dyncall_thunk.c ...
dyncall_thunk.c
.c.obj: Compiling dyncall_alloc_wx.c ...
dyncall_alloc_wx.c
.c.obj: Compiling dyncall_args.c ...
dyncall_args.c
.c.obj: Compiling dyncall_callback.c ...
dyncall_callback.c
.asm.obj: Assembling dyncall_callback_x86_masm.asm ...
 Assembling: dyncall_callback_x86_masm.asm
Creating library libdyncallback_s.lib ...
Building tests ... 
Handling sub-directory call_suite ... 
Handling sub-directory suite ... 
Handling sub-directory suite2 ... 
Handling sub-directory suite3 ... 
Handling sub-directory suite_floats ... 
Handling sub-directory callf ... 
Handling sub-directory ellipsis ... 
Handling sub-directory plain ... 
Handling sub-directory plain_c++ ... 
Handling sub-directory nm ... 
Handling sub-directory dynload_plain ... 
Handling sub-directory resolve_self ... 
Handling sub-directory thunk ... 
Handling sub-directory malloc_wx ... 
Handling sub-directory callback_plain ... 
Handling sub-directory callback_suite ... 
Handling sub-directory suite_x86win32fast ... 
Handling sub-directory suite_x86win32std ... 
Handling sub-directory suite2_x86win32fast ... 
Handling sub-directory suite2_x86win32std ... 
0:sisjpjjjfpsfpijidlcdscscsisdcpsddijlffcpjsjsjdljlljfplfdddf:1
1:dddliicsscfliiffijsfcllpsilcijcdjdjpildjp:1
2:fd:1
3:cpjsdsijfdpslflcdjjfdsclcjsdlscjfjlppdsjfdljfcjpldllclcc:1
4:cdpjccijpccliljssd:1
5:dipfssjifjidpilsjl:1
6:isjdppjcdlcdfilplfcfllsjslcidlpffspldcpfppfjcispsslpp:1
7:pdisiifcspsfs:1
8:vddllpclcsssjpdslccdijssjjflicpsdlfjidcisijlcifljdjpipdpcpiifd:1
9:lljsfiicjllcpddsifpcsiddjpsfjcislfijcpjlsdldflcs:1
10:islccjjplscpliiilpjisdlsljcclsjsidijjfsddiplldds:1
11:pjfsddfiddfsicjiidfs:1
12:vcijpfjldcdidsifdlffjdsljldjicjcsfjflfjldidflspjf:1
13:jijjfddpiipfidlpfsl:1
14:cjllicfdlljfffipfijslsdfcllfpccilldfpppssccc:1
15:dfflsdciffiiiccjcicp:1
16:cifllcplspddjjciljsjplpflsddspcccdplcissccsjlifcpdjijss:1
17:vcdlpdppdiidpjsplicslfsifpl:1
18:sfiifsdlclicdldlcssplifsscjdpcslfjdplfspjlpispfsdddjipljpd:1
19:iclcfcdjpfpisscjifsjpsjcjcpffl:1
20:spfijdiflcjfsldldpp:1
21:iffjidccppicisipcpllpcj:1
22:fijlcsdjdpfipdjjlpjddpldjslcscddiijjjjfjslp:1
23:fcscfldfilfpfifcipdpciclpddflppcf:1
24:fpicjppsi:1
25:jcldfjpfpfijpiisddifpjjcldpsscpfcipfpi:1
26:lcdffscdscidppjfsjjjljsilj:1
27:vcicjjdissjsijjissfdjiifdfd:1
28:sjiflpfdcfiidpliscpislsl:1
29:fipjidpfslidiicclicidjjdspcpdpllcsdjsp:1
30:csjilfiljppppsslidlcfiljifip:1
31:vfjsifpcsildcslsjcliplsdslscdfcfplcdjpclcljcfcsscplfipplidlsppcii:1
32:vpfisfdpffpdcfplldisl:1
33:jspdfpisplf:1
34:jcidfcpjcpspifplcscsjfcijijsdipdjcfsclpcsdflplcpfsdsdcjjidlisis:1
35:ldfjjjlpijsddippjldilj:1
36:piislljsdjdididpliflscsdlfdfjilipflsjcijjsfjlpccdfpcdfcjpdicsdj:1
37:fccscjlllidccdsdffcfpciidpjslfcifsjdlcjsjjijjjisi:1
38:icjiijdppjlffjdsijifpfidspjlfpdfpjscfcflljiifilspfcjpiidcpldjjpsd:1
39:dfdciljlfsfijl:1
40:sddfiffcipjfjlpifjifffsipjsdffs:1
41:icscddcspjcccpjfsfpdlfisilssijlclpsjpspippjfjdlppi:1
42:lsdjjlplfcsdpfcs:1
43:jffdlipcsipfljcpj:1
44:jdsffidpcpps:1
45:sccdlippldjjlflisclsiidlslpdifsifisjlfcsfjljicpjciljlldfclfijdp:1
46:cfpfppdjsjfjll:1
47:ffjcjdcscpdjcdcicdddllfdpifsdjclijlpjlflsf:1
48:dpcjfdjpjdljpds:1
49:fpfidiflfjjiliifdjifipjppcsidjspcccdidlsicldidpiidcl:1
50:liilllldfsdfidssjijldidfdscdipldcdjlj:1
51:disjcjislfjcijiisiliifddfcfilis:1
52:vjjldffllildpdsfspcllcjicilppffsiifscpf:1
53:pillsfjjllcslllpfsjjcipilllpijjspcfdfijjfjljdssfipiiddplliidpp:1
54:vfdilspccsplcfpfsicjicsdpl:1
55:ssdplppdifpjdfcjffspclfjffpflsdsjdfcpj:1
56:d:1
57:sjsjjpsifdiipfclldcpdssfcsllslfpdccjpipj:1
58:spdd:1
59:fjfpspdijdjcjlliijijddfljcpsclcpdfic:1
60:jidsfdpjldpdisf:1
61:sjpcsdspdflfcpiidslfssspsfpjclpdcjcsjsfjdjsccjicpffdcdpsfipfdjf:1
62:dfsiddpfjfdjisjcdidcipscdfddspdcjcijcdijfsdsiisipsidfldf:1
63:iplllpcpdjpdfcpddfiicpdscdcldfdfllissifsfjcplfllldfllffpff:1
64:spsjsppjdcscdpclsfspjclcpjdisplfjfspjdcjcs:1
65:idl:1
66:lifffdjdp:1
67:ddcllddislfcpssdlsfcfdjpfilisssdssjfsjcicdjpcllpfif:1
68:piicldipslpjpssdlssp:1
69:cissdfcipfldcpjccsilfpicfslcjssdlisjsipfc:1
70:ssdssdijjscpsdffdsccslijclfpjfdcdfisplpcfffdpppl:1
71:flcidlilicdsdccpiijddlppilididfcldjllfcffcdpccjiid:1
72:sjddplipfsldfljic:1
73:cddidpjdspicdljdlsjfdicj:1
74:sdpccfjdffflsfpdsfdpsfijscijcfpfpjfpispcclpsijsls:1
75:vjdjfclslldijpps:1
76:jjccllfpdsdjidpffspdpflifdpllddljcpdpjppplsclfficjifidscfdpjfpcsp:1
77:pjsfcdiiddsp:1
78:sclcjjslicspdfps:1
79:jidpsclljjjlcpfsiflfcscsipc:1
80:cipflpjpfdiiipfjillpjsjl:1
81:ippcfdjcpspiljslpjfiispdfij:1
82:ddispcijdplldsdllccildpdcifdpsdlsspfsdiclfplclcpps:1
83:dclssddcpsdsicds:1
84:sjjjicdjlccsscjsplipljjpipcjlsfjpsfdsfjfflccljiicpclcj:1
85:scifpllcsffsdplflsflpidc:1
86:scfljsdllpsciiscsjcfcfjslcdfddsjcc:1
87:dsfcplipflddfjdljpdlicjsdjiijiidj:1
88:csp:1
89:ildfjpsjilcisjiplscfllcfjldjppflsfipljcfcsssljfcpddsjcd:1
90:fdiilsdfcslppljffpcisfjffidsjdcddjijpsifj:1
91:fsjddildlpfcjljjffjdfiicfc:1
92:sffdsdjcdp:1
93:liipipifsclldidijfipdcjdsjjiicdsjsdffslcicpijplfjdjicdiii:1
94:lpfjfslpcjdpjipslcfsdscilcidipldiiis:1
95:jdlifsfsdcpcffdcdipclljiciljppdlpldlpppppiplsppcdicldjddfjj:1
96:iidfffillcsiid:1
97:fljllfpspscpdlcjpjjlssdffdcciddfj:1
98:icscsfiilsflpldccsicccdc:1
99:vdccjjjlljpjpcddflp:1
100:spjpdjfdjfcpfcpsjspdpjjjjijifclip:1
101:dljf:1
102:jpljjpslciiccfjjifflldsdlsdslfpijipfddjdifciljfdipj:1
103:fpfsffiilcldiifssislcidlfplcidddlpcijj:1
104:ljsdfjfcpcsicjspsfsissssffssspfscdsfjddsccjcllffjcclsspccdsslcjp:1
105:vllljpllspspjdslcfpilfijdlccdfclilcfsp:1
106:iilcfliipccdlficffcffffjs:1
107:iclsjdldciljlsjpcdjjdsicccddlciccd:1
108:sdpjdcdjpcfispplpddpdcldlpslfcfidlf:1
109:dpisfcjcfspjslsslpcsispcsljscscpdjdfjjf:1
110:slpfcddppdfdclcicljspjdlffiiisldfipdilld:1
111:idlcdfslsispiflssdjjljsfccclp:1
112:vc:1
113:fcfisjlllsfjfclpjdsdccdcsjpslfccddi:1
114:vfpdcliflflcffdfffddip:1
115:clsdjsijlcsjsppcslpiijssscssjfiiilspfjsiljpfcjficjlifflcd:1
116:lijlpfsflcififscp:1
117:sjlldsdfcjfdccijpdidffccljdfjlcccllc:1
118:pdffppffcildplfjldcdffjjflljcps:1
119:jdjspicplppsijpfjpfslipjfiffddjjff:1
120:lcfspjddpjllfiicdppijdcidcpidldjlp:1
121:lslsddfjpsfpcjjjfj:1
122:jilfpj:1
123:sfdijsldijdsflilijdfffiidldpiiddcfilcfljs:1
124:iccdliilssijlscjdipfsfpjjpidcjipjilcp:1
125:dfcdipsiccpfddlpjcipdjsssllppilicpsjijfj:1
126:jsjjfcdfjlpdpdcilpcfiidclijdsfjpd:1
127:fpddl:1
128:iiiiiipfcpljdljjffjdlfplppilpfdscsj:1
129:scspppcpilscilcdifldjflcljipppdsfcfl:1
130:fscjisfdipscsslcpplsdsflscjiddsfsisljdjfplddfjdjcllcfjpcjci:1
131:ilssfjpijccclccjjcflljljdijiipfisdjcjcifcjdpjdcdddllicdijilpcjdi:1
132:iipipjjcjcjisiicffjdfp:1
133:sidspdlci:1
134:fpliclpsddiiijcsfcdlicdiilifplpjsspspjjpipdpsdfccpl:1
135:ijpccddpjlspfffjsicldcssccscfpilsclsdjdjcccfddissjfs:1
136:iij:1
137:vjfsfiifdlfjlilpiilspfjclljp:1
138:fpijljsdpcfidifsdjjicpdfcdjpjcjjfpficdsfccsdiccijjllsjjsidffd:1
139:spcdcsdsddssdl:1
140:cfpjislflfslpdjdsscsiscjscpidijdccijifidpjjiidilcipilffpdjcf:1
141:ppflcifdlfldsficsdslllcjififfsli:1
142:ffdppfijiipsppilfdsjdlppf:1
143:jddffipfcjliddplciijfsidlslsdjpjjp:1
144:scdcciljijcfljcd:1
145:sssfjpcjcpdlispjs:1
146:plidffcpijpipdldfclfjpjisfldsffp:1
147:spcdppi:1
148:clfjcpiciclcldiijilscilsdpcpjifd:1
149:djdjpcfplfsjsldjssjjppjjpcfcdfdlsdcfdfjllpdfsd:1
150:cspfdisidsscsddfcffffpi:1
151:idicsisjjfiisjlsp:1
152:pfpsppcjlfsfs:1
153:ijjfflisjljlccfpfdljcscsppdfjcsclldisijpfdsddc:1
154:ldsscjissdsciiijfdjscppflldjlccidilcpdidfjdspiplscp:1
155:sicidcflcfdcsjcdiifsffilcccscplfclscpdlpfjpddffssp:1
156:ijpljflpfiipjddjlfcspjdlifjldcddlpjcjcfiicdfdfslpipippdcjjpjlpici:1
157:fffdcsccdcds:1
158:ljidscdilicdfpiddsspcsfssfsipjfidsssssl:1
159:plpisdiscjdclpifllcsddldcfcidlc:1
160:ippildlljj:1
161:ps:1
162:dplddlfjjdslsssslifspjsscppppdpjlsjlpsdscsfiidlfijccfs:1
163:sfdllfscjjjdslfipcccicpciccidilpslipilfpdslcfjjljjlfjsff:1
164:sssipflssslpcslsfpdicjplcjcsifjicllpjsdljjijpdllplfpclicciijsfps:1
165:idfjfjfipscpfliijcidi:1
166:ip:1
167:pdjccfjcpfdcpifdilpdfcifjis:1
168:fflpfcfdfsdlcflfcjp:1
169:ijifjlldfffcpifjjliififfsjlifipfpdlclsdidpjpcicjdjpppjldfcspifj:1
170:dcciscpspsdfjciilddsjjsilicdcldfldcfdpcpfclicfllf:1
171:licdppspliilcdjspjdfsfffcdlpjjiipisjdjslpjcpildccfdil:1
172:plppics:1
173:jdflifdjjlflisssssccllfps:1
174:jjllddjflfpjiscspjifplcplp:1
175:siidpflifjplclilfjpdscscpfcjjf:1
176:lccffficlffsfijjcfccccicfccijddiddcpfjpiijjsfdlffldfpsfj:1
177:sfpfpcflsjilspdpscjclidcsppjlspjdjipjcslllspicjlcfplslpiijpfpj:1
178:sfpisplfisdcjdjdcilpjsjfjflsjdlspsjdddpsc:1
179:ljlpjpccijspsllpfcp:1
180:ijlliljdpjl:1
181:vsfjffjcslfjcisfifsjipclsjlddscdificlpsfsdsisjsliiclccsilpilfij:1
182:cfspjij:1
183:ppdjccdijdfjc:1
184:dlpccljlpjifsfsllislpilplcljlljisciippdisssicidlpsc:1
185:ipcdfpjiifljddflppdddcidjsl:1
186:vpjfjjfscsjiddfdfllliljs:1
187:lccfpcsildpdpfcdijdsifcdjlsddilljpjcppjsls:1
188:ccisipclddlfiscisidffl:1
189:sifjjjlpfpdcdpsjlccjjilpjdlspsjljiddfllpslpssfpfdpiicfcjpppi:1
190:fdsldcijpdps:1
191:piljsjsjpssppfijsslsjccjjlsjijscppldcpipdjjpifcldppipf:1
192:fjcppjffsjicj:1
193:vsdfllsjpfiilpcilsfpfjc:1
194:licjijlplllsc:1
195:pfjdcdpciiicdcjdppipslspspspfijjcdicf:1
196:vsijsslpssij:1
197:ddcssfjdppjcfijdsjcipljdcsciljscji:1
198:scpppjspsjscplsdifjsfliscfisipjdpcpilfcpiifddcds:1
199:fjldpfcjcspflpjpjfsid:1
200:dsppcflilfpsfjdfdcdpflisifclsdjfssjiddpjfjlp:1
201:fjfljjidflilpfplslfidssdfpfsijcfffi:1
202:spscilldiillfiff:1
203:jfipl:1
204:l:1
205:dfflscffifsfjcsflpldljjlsfifjipcslpipjscsidli:1
206:vdfdfijidpcsjllspppidjps:1
207:ijijfjfpsfljifjddpijsjsdsjfpcccdjjjsfiddsjjlidjslfppifljsj:1
208:cjsidlfsjscijlfdfpjcssf:1
209:dljdfdcsiilifjjsljlccjddsicjlf:1
210:sjfdipcjcidisjpjdsccijdslisdddifjcfpffcfscsijdpjspjjsjlffffpfclss:1
211:idsdficcpldjccsljjdcsffcjlcdfiilillcdlslsccssippppffjl:1
212:fsdfdisllpclppfiffidclpfsilcpsdlidjislfpididlcsidjsccffi:1
213:ciflijdsfsjjcspdlljppppsdp:1
214:slldddfjiijlcldjpsslppcijfdppldlsllcjjlppdsfjsscijpdcpi:1
215:jsssfsfdpicsplfjjcsdijclfplfjfj:1
216:dls:1
217:fdfjidlcjjjdllffdfjfldpcfcdfpcpjdlfijjiddpfjilisjp:1
218:vpp:1
219:vpcsicdpclljddpfdililspfpjfp:1
220:vpjsfpjdpscspjcpcdlilddflfjdpcccf:1
221:jlipjddlcldsidsfifp:1
222:ciddilcjpdddjspdcpjssjjlililicpdjpff:1
223:sscfcciipiijplpcdsjjjdflppdjlppjdpsdpjsjplfjcllcpcjcdilpdlc:1
224:jfdsjscspipjdlddcl:1
225:dljfjfjsfdsiidijjjlpsfjlpcjpcdpfjslddccpciciiip:1
226:fsldcdjfddlcfsfijjsijicjpsfdjjfipispsljcjcsisdlpjfc:1
227:fcificffllcs:1
228:fdcfjsijills:1
229:clcijsjfcpfdjjjjl:1
230:sjijflpsfifclcplicffddjfffssipldsdicjcisi:1
231:vdsdjlciidsfpdpdsdl:1
232:pfpsfsicjpsplilcdpiiplcjjpippdjlpsfliclppfissdscpliicjplsd:1
233:sdpildccsspdfjiclispdfcifjcjlcpjdjfjidllcslfpfficcdcf:1
234:dpjjccjfjissflcisslpdijf:1
235:jfjppjcifjjffsisjldclispffpcilldiclcjlj:1
236:sdsfcjdlcflpspjclccdlpfdfjcscjlcipfjsfcsplffisfdidffppfjsfpsisild:1
237:ccdciplcjdsiflspjfisijcdpiscfcsfccfipjjsipjcsppljcfplfpicfidfjpdl:1
238:lidflijdjplsscsdffflsfi:1
239:jsdjslcjfciiipifiddlcslddijsspldfjjddjjfjpsfjllfj:1
240:jlpdjpsffjliijfpjfsfppl:1
241:fdjcfdlcjscddipppicdpdpcffdjjj:1
242:sjpdsllicfidplpiidjilidpcfllidfsilslspfsjsscfdjcffijcicsclpjl:1
243:jdcfjslijclpsillijjpflddpcljjcdcddfjsjfp:1
244:iillfsdsllcslcfll:1
245:sls:1
246:vcdciifdfcsilcljiscjiljcsdislliclscdlf:1
247:fdcpjcidjjdfpjsfpcsfppcfi:1
248:ssdpdilccccidjpdijjjscljfscddjsflcllisliippisisjfldcljjjp:1
249:lpdjlllssdjpspjfcl:1
250:ccdpddijjpsc:1
251:ddjlldppfsjcddddlcclcflcsdjfsjfsjspcsjfdliclsdjpclscjfclflidc:1
252:clifpj:1
253:cjfpjififliipjfjlisspsifidccll:1
254:sdcpjjlfscslfliispliiflscjiccficfjpsficdislspfjdjcsfffddisdicijfp:1
255:cjjc:1
256:isdddfjfijccidcssislijdcscspjscsjdsjpliccjcjiclli:1
257:ppscfj:1
258:ccpssfpsccdlidpfdcccpljjpcppfcffsjdiipjipidcspfsffijjpfcfjppl:1
259:lpcjdjcjffpfddjpcslipdcjcddpllics:1
260:isppljjisjipcidpplpfcppdjsjpipcfdflji:1
261:vljciljsscpddpplpcpsfcfddpfjscjcpfcdjlcppplljsccifisfc:1
262:vffccdlcljsjfflljicdpidfpfcflsficpjcldscjjlisc:1
263:fidlcilfdidpdclscspsppipcfsidicllcslipjs:1
264:vfcijijldlslddlfsdfj:1
265:dcdlpiicjijijpppsslfjcpip:1
266:jlidlpdlspfjpifclsfsfcjjffllcic:1
267:liljdjcssdlfsjdppfdldicpslsifsdpljsjfslcssfipfdipddlidijjj:1
268:pppcscspdjsdljfdcpfj:1
269:sidcsslppididcldssfpjpidlscscjjffjddljpsppllpsldiil:1
270:fdplcf:1
271:pssddlfd:1
272:cpididldccfjjjsji:1
273:djpf:1
274:jdjdlidpllcjfddfdcpjjclfjldfipispfcscdfplfcjfcsfcdslcfjjiiil:1
275:vppjfflfpsjlifijdcldicdcjiifpdfipjfjijidlpld:1
276:jijddjidiijppsildpsjlppdcplpsjscfpdpcslilccssipscflllijl:1
277:dicjjssscfsijldjlcpdpfdljjsfdppddfijdllcjpjfiiifjcpsfpfisdcclfcl:1
278:ldldjpiscsjjjifjccipfpfpf:1
279:dldfsjppisjljlfddsi:1
280:fifccpfdilflcfjisscljjsfddfdscpdildjifilissjdlps:1
281:ffscdccffddfpfsiflllfsddiidddsfpddffdfpffllljp:1
282:fsifclpdfcdfcclpc:1
283:jfjijiscfpjljpfflfiifsifcifldfcjp:1
284:lsfdspppscjdddfispjjjlficfcsiffcdlcsiffjfsjfcicidlfjclp:1
285:cfiplcplpfpdljjjpdipsjcs:1
286:vlsjsipcpjlfccjdfjlsdcffilcplipjfffcslcfdplcfccljlfil:1
287:pdispdjjii:1
288:sjjplspsfpc:1
289:fpiijpdsffjcjjjfffcdslpfficldcjppfdslfiipfjsid:1
290:vpscdp:1
291:pjdfcdfllljlpdjcisdpisljiilisicdpdpfdljlcfcfplfcp:1
292:fccsjildppsppdpjfpcssccifffpflljllpddsdpdcjpc:1
293:cdfssdisssd:1
294:vpljscddddsfpcdcfcsdcdcsfiicliciclfspfcppsljiljcllcllsfil:1
295:vcijjicslpdpipdfcsilidsjl:1
296:lidsjisffpsfdpldidlsfpjsifcjspcfdcdjiss:1
297:cicpdllijslsdcjsfjpdspfspplcdpspcsjdpcisidjidfjpicpjfjp:1
298:jsjcdpfdfsdl:1
299:sflssfccifijjfidj:1
300:plsslfdjps:1
301:ijpscfjdfjilpfcjccdfsjd:1
302:i:1
303:fjllfdcjcsijscfjplifciddssj:1
304:cjdddllfjpsldjcclflijfslscljsdlfjlpjc:1
305:slcjsddscldl:1
306:fjddpcjcsjpddspiscjfcfddfccic:1
307:ljccjfcd:1
308:filsspdldddpdfpdlpd:1
309:dlcipcpjslijdfpsjlpjllcjjpjcjjdsddllcscsfipfsidpdlc:1
310:icdlfipipllpl:1
311:vpiifcpjdfffjpijcll:1
312:djifpcjifcic:1
313:pilfcdpffjsjfplislllfjidflpddfllccjcccddjci:1
314:sfpdjsjilpsjidiipddfcidsifcfdjclsflpdddlpcccdjip:1
315:ijjjipfcpldcpl:1
316:icdjcfdfddfdjslpidsfifpijsildd:1
317:dddfcfffpfllsfsdcccdiflpifd:1
318:dfdsffcflfpspifdcdfscfsjpfsclscjcdpdppfsljjspisfsddif:1
319:clddljsldsjlcsifififcdcsficppdfjjpjcsplsfcpdsdflfcidcj:1
320:vpslicjflsilidslpsipjijdclidlpcjisdpiijdjfjfpljifpcsdj:1
321:cdjdjsddlsfslspjpjdlsldjiljlldpldsjjijidpcsiidfdjpjlsjclcjcljfcic:1
322:jiddipcjdiipspjpspcsispjpsspjssclscfdcifilll:1
323:ssl:1
324:pfcjjjcppfcfcsjisis:1
325:sdlslclpicjlfjdifccjfcidifsjsiffiiddjllpp:1
326:djiifsidpsdccsfipdp:1
327:jdfpdisjcfjiiplsddclcclsijjdjcjccifclcjldfdsljj:1
328:jlcjlpldscdlsjpipjiilp:1
329:flfpsscplpfdillsflcifjccsj:1
330:sccijpccdislffjfccjsfdispfsfd:1
331:pjpspc:1
332:fspciidcffcfsipspddjspifpplfjppsfiislssicisspdiifsp:1
333:vcfpfjlissjclfsccijcppsiplllfilpjjisfdjdcddlpspflsfsdcllpsc:1
334:jlsddlcfjlfjlfcidfcjdfpffsilijd:1
335:fspdpffcilldipsijsfjdjsfpliddiffjjfsililsdljlpfcfljfclpfcdpcild:1
336:pp:1
337:disdjcjdpcppdicpjpi:1
338:cidfljpijiifljpdlcfssldcfcpipdjjiisfffsssjcpdpplpl:1
339:fcpddplsjllffddppfdddjdpilidifpsdjcfspclsliclipsclccddpil:1
340:ddfdcfjsllfpccsjcp:1
341:pdfidfidjlljfjiflcippfjidjlilicssflslfscjpjicps:1
342:ljijsfpsssjfjjdlilpdifdpljclsssdljifiddjsislfsssff:1
343:vpcfslf:1
344:fccpllcifcsisllfjfdllfpljpjpiijcilffcfsfdicsfpdsjf:1
345:pljlcsdpjisllfijfslpcdfipjsdfcpppsspisjfjpidjpjifdddfpslcjj:1
346:fsjcipfpfijsdpsjilpslpciiidip:1
347:iclpsdiclsici:1
348:slpssjipcjcipdpjidldlpfdpjcdljiicdjsjffjsffdplicjddc:1
349:lcissipllcpllfdipjljslsfdsifsjjdjpcldfsjdfdjpffis:1
350:ijdcifilpjdciipjdlscccfclldifslllllfifjdiiclppdlicli:1
351:cjpdidfjliccddjfijcljlislfjpjf:1
352:fslfjllfsddidfppcsfppjdfdfslscjdscpppilfsjccsffidldlcd:1
353:ipllflcffsljffdlcjpsljdfjlfcpfjljcsipscjildsidpjijldflfisljfjfjf:1
354:fclfscspcicdclijcsipdpflcldfcfpldijcipf:1
355:idicjljjpfspjdsjlsildcsdipcpifcipiicffllppscpjlsldfldcliplccicici:1
356:pslpfsi:1
357:dcjdscfcpfsssdpsddsidlc:1
358:vlplfcjscdciddjlflpdjicjiipifpilicccslsilipjicccp:1
359:f:1
360:ccljjipidc:1
361:fcdislljsdcpsspifl:1
362:spilcfffcffdcddjclclpdpicdciflppsciifccfddfdfpidsilfiisjssfdpjpfj:1
363:dscicdsfdcl:1
364:sppp:1
365:ldpisfscllfidflcdfsfcdfcjcssffpfpjsfiidffpsfjpfijcsjdcljspldjifs:1
366:pcdsdfcpdfslplcpfjpfccdfldidpjlplldjidcipsfjffclipijfisjijicd:1
367:djllffjdsssdpdfplsjflsspljsdjcfslipjssiijlic:1
368:lfcssd:1
369:fsjclpdcppssddpcsdjllplsfisd:1
370:jfdiidddfdpl:1
371:sjsllildfcpjsjpjjspssdjsfjdfcjcddilllcljssfillfcfjsdjpciccsc:1
372:lclllcslllpfjcjddjf:1
373:ipfifsidijlpjcscsjlfciljjdjiisfddpifflpsc:1
374:slicljjssjjfddpiiclccjpiijdcldsjlljcddssjpdilplffsffl:1
375:jfdsflscdppjpp:1
376:ifflfcslpdiffsjiisilcfpsfidiclpdjjlsjppcpcfjssfjjcclfpfpcpd:1
377:vlcpdldiiljdpiiflsi:1
378:dilcdjpdclc:1
379:icccpdj:1
380:dffsssdpispljsljlsjppjcflsdssicfsddisddj:1
381:cdpfjsjplcjdssjjclljpilpidfifijjssipipjf:1
382:pfdcsisfdljssslcdfdsiijjpsfilpcjjcjljliicflsccsdfcsc:1
383:jlcfijjcjfjjsddpisfspdspssjiilfdcdfjisjpd:1
384:dsfcfsiljdllpfpc:1
385:vpfcf:1
386:picdffdpdclcffjjsicpcfjsdlfplljidjspscjssdidffjdcj:1
387:licispcds:1
388:plpdficdficfpdljjjlfcpssdif:1
389:vcpplilippsjdsspspc:1
390:lljsipjsdss:1
391:sddfslsdsijsllfpi:1
392:dllfpfjccjisplspjjslij:1
393:fljijspjjsdidfpcfcjcfdsjillddcpplsdciplfdlcfiff:1
394:csspsjclcpjdpspiipjpidjsjjcfifdsccfilddlpililspfdcjscdjjjji:1
395:psfjippflpiiddljsii:1
396:vfsjpldscsfiipplijidcpscl:1
397:fpcdpjfddjlflpdjdscpfissiifjijidsjfdfl:1
398:fcjlpcjscpsflldpfsjildllcdjdfcflsicdjlcjisiffsjl:1
399:jdcflldlcdjcpdscccjlsdfispsjcpddpdfslppllcpicfisdffcfpjcilli:1
result: call_suite: 1
case	signat.	result
f1(	cLSpfsCfSIBBcSLjlfpcBSJJSLJdBIICsp)d :1
f2(	cCBIJBILiC)s :1
f3(	ccCC)i :1
f4(	pljilJfCLcdLsBfsjIsdClCILSjfjdlSlsLSfJIllIidjsCBLIBdcs)i :1
f5(	jdLcfIiJLcfJLisIfJiifjIJBIjClfdsfLSpCLifpSjJLLBJiiBsdIpdd)i :1
f6(	lSCfCfsdcd)S :1
f7(	pJIiSsidJpdfLIlLicfBiBdjdsIBCpBBIIIpLfLSlLCICfCJdcJSCJfcpiCBCCcllj)I :1
f8(	isLBdfjCpLLppiCBBBCfiSdJj)B :1
f9(	CjLjdBsBBCjCBsdpBS)d :1
f10(	idssiJ)C :1
f11(	)C :1
f12(	sSLBfLBcLBSssSI)C :1
f13(	jIcJfcfcjj)S :1
f14(	ljpdSpfBfBLfSdclispdLdjlBILJdBcljfl)f :1
f15(	jfjjJIpJJjBfSdlSjSSdBfdcBJlfSjJpiCSBlClsllcBlpSC)c :1
f16(	CCJCsJpdjcICffSsddiJscsScdcIcsCsiLIlisJfScBCBi)i :1
f17(	ipJJfffBpBjdslslilSpfdlCcLicCpcjlLcjJBJIBciSpJdssSBCsLSSILIljJCCSsL)d :1
f18(	iiSjpJSiJjlfjpcS)C :1
f19(	pfdIIJJldpifcpSiSCdljjCsiLBjBsBpc)B :1
f20(	jJfsJlJIpIpCLdcijlJ)p :1
f21(	iflicLs)C :1
f22(	jLiidBcJIfBScpSssffplBCjlJJIfpsijlpIldcCfCIddpCClcBSc)C :1
f23(	pLIsJsIBpcfSLfifLjiLjCdlpBlCCfcdljsSpliJpsdjcSIffplidJcplpB)f :1
f24(	cpilcLILccjiBcIijisSBlSJpcSJCCSsBLfcISfJIidjjIfB)p :1
f25(	ifflIlppSddJs)B :1
f26(	ccpIdifiiIdpSdljijIcBcfpi)f :1
f27(	BcpICfslfljScBSfSsjflBSLBIJffjldJIipiljSSBlicdSisfSff)l :1
f28(	dcsfBLjdiBSsidLLSpiLfSBSJflIpScpISLIcsijSL)p :1
f29(	lJIBipLSCplLLSsJlSiclCJpiBSlLCiILpIClsIpBCJpIpi)C :1
f30(	pspdfJSfd)B :1
f31(	cIBpSjddLIppJiJcCdsSLjCLiLcslcpLJfJfIJpsB)J :1
f32(	JBlL)s :1
f33(	dJIILCpIsBCifdBpjfsCLICijpisjldIsiddJLIfplslJS)I :1
f34(	CLifsjSpilBfid)i :1
f35(	iSJdBcfpLCjiIBJJLdjdjpLfjpLfpCjCIcCjCBid)C :1
f36(	SJddslfLliJISCsccBsJsLliSfIlpJJCsjcIsBsfifSLBjpCJBLfpIscSLpCii)S :1
f37(	dicCiiBpSSJSfiIjIsisllSBicCpjjIIdjJSdlCsBLJ)f :1
f38(	cIJSppBjCB)f :1
f39(	slpLCSlLdBlJsdlBjJCJB)L :1
f40(	pJdipBscsdddcSJpsljffIjfBcBlCpJBiJiCJJSpJspLjIjpccldjspJifsjlpjcI)f :1
f41(	BIJfcflpIcisCjdCBsBl)J :1
f42(	fcJLJlCIdsdJccIpdfdSCcpCSfiSjBsIcpCLjSsIJsBlSjjSIIJlJIpfissfs)I :1
f43(	isjCLfisIlSCBplSSCddLip)J :1
f44(	cpliSBLjjdSIijfBfccLLiBfSBlLfSjdCCSIscBpBSsifcILCjjd)f :1
f45(	fsJjdIpjIdLpIdfILfpdSlcLISsdsCjCiCLiljf)C :1
f46(	JdBJpISLsSBdiLildidCdcjCpdpipddIfdcLii)I :1
f47(	lIJcsBLsiliipfjJpidlSdCsfsdSlIdifJIcJsiBfLILJ)d :1
f48(	ISSClsidCJdISiIlSBCIl)i :1
f49(	LSjCBCcSlIlfCfsCBfcjCjdfpBBSLicIlllLppBjsliIJlJljlCLsCl)B :1
f50(	lSdcIIpccjdfJICS)f :1
f51(	fJsJcdLfCdjCssjCSdlccpJBLCjfIIjiBpdCLLBdLJCd)p :1
f52(	CClpsLJfpScisJppdpldBIlciIljijsjlfidldfISdpJjlI)j :1
f53(	cIjjCJfJsIBpljjJfIsfiLsSJpfSSipIpS)d :1
f54(	)f :1
f55(	JCSJdBCjJBBfdilClsBjjidipplLpjliLBBlBsslSsjsJsISIIfBppilJciil)c :1
f56(	icfcCcSfijIlclcICJSCIcJcLLjciJdLLpfddCpiLsBpfCsBLJsslfSi)J :1
f57(	jBIjpsSlCSpdljCLicflcJsipdsCifBffIIllpSfcCppLBjccipsBBJfB)f :1
f58(	iL)B :1
f59(	ljLSsjlclfdIJdBlBiISIj)f :1
f60(	jpSdjiSCdBjCJsSscsLlC)L :1
f61(	sCfjJiIfdssfplCdJsjLfpBCf)S :1
f62(	JIldlppsisLSCdJcLsSLfJSlIcLJBBjJICjCdiIiJClLcSffJCJIpdCsBffB)f :1
f63(	JijCjIjdpcCjfsfpCjBLdplcc)L :1
f64(	)d :1
f65(	fSisfJpicpCsdLCsldiCdCCpfSfJSfiCspIcisIjBlpBIdscdJSdp)I :1
f66(	lLlsBjlsLIlfffSidBsdICsJCpfclSfScjJccsifLBLJdcBfcsfJ)I :1
f67(	sJdcLJI)J :1
f68(	jCIlsLBCIcfcBBCdCIppffBjfcsIJficBfpSJfIcdisdiIfJfLipliijjlBCj)i :1
f69(	JScfddScdLSfcppLLjC)j :1
f70(	JdLcJLsCCJLIl)J :1
f71(	ldIJlpjpJijSdlfCSpfiIJlJL)s :1
f72(	sdfJlfBSjppSIsfLCJJi)f :1
f73(	sSffBIlSLfSlIdjjscicIpiSjjdCdp)J :1
f74(	CjcCdLjLlpIcp)d :1
f75(	BBBCIpjpicLJBJssLLSdLcjILiffCfjsdJiIidspBBicJ)l :1
f76(	iiliCLdJjSjijidLijCpdc)B :1
f77(	ccCsLpjCssJidjBIfjfidpcSSSCsisBjSCLBBSsSjpLjSLdsSpJS)J :1
f78(	ldBpCIcCdiilIIBlLjjIBfsBcJfLdIjJijIJdjLddclIJlCSClp)s :1
f79(	csllcilJfsBILJISiisjclcLpIdjsCciILcJC)L :1
f80(	cBsjLfBBsISLjd)f :1
f81(	pSsiJiIdfsBIiLlIL)d :1
f82(	jpBjcIpfdpLClciBlpjJLLlscIdJsfJLLJSpBclddICljJLCIspCBjICdiLCSSdBfsp)d :1
f83(	jfidcBIlLlCBIScBpsdCBCjicj)S :1
f84(	isLdCcfsCiddBcdjIcjsSjIi)l :1
f85(	LpjBCfsffiBLlCCJcslcLCCSijppfjLJSslICfiBSipBjdJlCSLdIfSfIclSlIdd)L :1
f86(	IfjfdfsLfpLjIdfsdicssJiddBifBcjjdciddlLfIjI)d :1
f87(	SCiLSldfBfpcSLCisliicSiLBSCjLcBc)s :1
f88(	pJcpICLssBBiiScLlCcBfCSBLcCLCI)s :1
f89(	)B :1
f90(	pIIjLLjpCdcsLLippsBCSLs)I :1
f91(	IdLIdcSIJpsSiBIicLcfcdLSdfJLCcslcdc)B :1
f92(	IjlSpB)l :1
f93(	jcdssfiCJlCjSfLIcijcjJCdcfsfddLIBLLsJcICpJLCIIJJfCliLfif)p :1
f94(	pLJjslsddfciBfdpcIslBcpljJJfIijscCpSpcSLdIc)B :1
f95(	cpIjBcjCdsLjpJBsCsSSclcCB)f :1
f96(	IdcpBfs)J :1
f97(	iCCiifdsjdIlspBSjCjjBJddLLBJBlJIpLpsJpjcLBpBppiSdfpBjpdsJBfJlIcjC)f :1
f98(	plsfIslIcjfIjLsjScjjljissfSLBsjpdLLiBIfcBpJjJpBffJ)i :1
f99(	CppiLCCLIlJiIipjpLlpjsicBiBdBiJCsIjdJLL)c :1
f100(	iIfLSiJBBiJsLLSCLSCCfSISfidlCB)c :1
f101(	jBSfifdISjLcScSBIICSpJlLBlisLIpsIcCfBc)i :1
f102(	lCIdsLBlssBcfLpdisCcLdis)c :1
f103(	cCljIildSdliJdJlBIifipcJfpJSBlpCpjlSf)i :1
f104(	sSdJddsldLBpCffLLLS)c :1
f105(	BffpIJCSdIJsIssiIfiCdCipccJpIlJIJISBBjiBddSICjplis)f :1
f106(	isCjSpipIdsBijcIBjIBIpjlS)S :1
f107(	LJscdISjpcfJJpplsiLlISCj)L :1
f108(	BISipcdBCdjjISlidsCLfIClCldSCLSsClJBLjcdjJIBdCifiJlsBfdCjfjlJffpjjf)S :1
f109(	dsJJL)J :1
f110(	fdjSjCJjBjLjIssBcCflLLdpLsiiBdBddjsjlfcLi)p :1
f111(	pcJfsLLfIjfSSClLClLcl)S :1
f112(	CdsSLlCBjsJiIiCifLsCcifpJjJ)L :1
f113(	fcifillcplJcSd)j :1
f114(	CdlfCfBJLpCSIdIicfsIJfJIJCjdCclSBissssfdccsjBLfclCJ)s :1
f115(	CLl)i :1
f116(	JjISpjlcLfSlfiLcdLfp)f :1
f117(	BIpBljLBfSjSJipSIJspscsdsCLCBllBCjcpc)p :1
f118(	dcIsLpccSlSCfIifLjlfJSjJIclsCjCclJiiIjjLCfdcSSBBflfIdIcIjpL)L :1
f119(	ffdIsifpfldLJccfCcppBS)p :1
f120(	isBsdLjpJjSffClpflJILLidpCLfjJSf)p :1
f121(	CpclllsdjCCsdBfJjlSfJCciB)J :1
f122(	ijpLlJfiSJJScLjiLjsSBdldjfBfflfSClcpSdsJjpflJicSdSJBsSdpCBLclJip)s :1
f123(	lJjfCcLcpSjfJIssjIJjSLjBfslsBdpLjSlL)I :1
f124(	psLSCipilifsfCBIsfldCLfdjISCCp)l :1
f125(	c)I :1
f126(	spsJjJIpIlpddLJffSpfpssBI)B :1
f127(	ICcpidBdjlISccCBBfldpdLlpBdpIBjdClLjlpjCIdIJcl)l :1
f128(	jScSSpBcfB)d :1
f129(	BjssCBppfSdiSIdicljldlB)s :1
f130(	BiicilCfdiBBCfdjfSpSSCIdLcficCfCj)s :1
f131(	ddipdpfBBLdjJsSdj)j :1
f132(	ISIilJjJLcpBBpIfLsLpsILpB)B :1
f133(	dJlicdpIl)I :1
f134(	s)C :1
f135(	BsCflcldpI)C :1
f136(	CBSscSpplfLjiidiJ)C :1
f137(	liLjcpsBJlsffsCciIdCCpdlsiJJBpCLCdSSL)j :1
f138(	iCJscpICCdCicBiLsLippC)B :1
f139(	idplLSdcjjiJifpJpddfdSJCcBBfCBijBsC)L :1
f140(	CfcLsLCcJLdjLpjcIlCILclpjCpLiJSJIIiLsjfp)S :1
f141(	iBlfccJSJSisCfIBlfJdIcIfpliLjLjfLCLfSSsfllCpJJfsjIsdjLp)i :1
f142(	scddlpLpJlcdfBlJCjCpiiSplSiiC)p :1
f143(	IfLijJCispjCLjpSLiIJLfdJjSBfIplflISsBjJsicIclSIIldBip)B :1
f144(	SS)B :1
f145(	ppdLjicLiJildjccC)i :1
f146(	lcILjSLjlcJffipJdslLlScSsJISppfIdisIl)d :1
f147(	SBJsdBcJdSsldjpspIlCSjcpIIBdcBdIcjlBjpJIcfCBiBSsIBiLJIjcfJBBJdjljsl)B :1
f148(	Sj)c :1
f149(	LCJLjpCjsdc)l :1
f150(	sJcsllssSLIBpjSiljcpcpSdBfCdBpjsIJI)c :1
f151(	LiljplSSBldJpplJCJlc)p :1
f152(	cJCScppscJJLciIiLIcLBfJLjpiCfCfdpcSffCcdLLLpC)C :1
f153(	flSlLsSjpcfBdBf)d :1
f154(	dSLpIfpCJjdpLsliJiCpllJLJJLljLjIBSSIsclflJlIfifILBsILfCSjdd)B :1
f155(	jIlppCBdpfJIjcSddLlBBcLdSBISBIdjflilfillSscfiI)p :1
f156(	sjSsJBsdclsCcslBdBLpI)i :1
f157(	LlJlBBISSdljJlLJpIfdjcljclSdClIdSB)J :1
f158(	cBlIBidJBLCfCcpLCISSCJsSS)l :1
f159(	lLpBffLSfcSjCcLBS)p :1
f160(	cBSiijBJpiScBcdcBpfSLBlSCpBscfCCfIJSBlffBsdcSfCSLclIcSLScpjs)L :1
f161(	IlCBdslpcLBBpidBllciCCldjppccjpjCdJcsSfSBdipSSfB)B :1
f162(	isCcClddLBIjJJjCLLjJcjJIidpsBfsiciISBISLILsBipscjLLJSiBLSfBSLsLf)l :1
f163(	CllIICsLsljjLcSj)l :1
f164(	dLiSJIliLisiJIcSdjICSLpfsJdjCJCcijiBBBiLIlc)c :1
f165(	sIcpfsclcdf)L :1
f166(	ifjJBfCIfCjSfdBBcCsjsBIjcclcdiBiSjdSicLSssJCsJCSLipBIsJJSslSl)l :1
f167(	dslslpddcsjsICILdfJBSpJfCfjIjsCIIfLcLlcpdlcipJCp)I :1
f168(	pLJIJLiCsfIiidSccBpCpLpdCljijBCiLLpijCJLccCIBIJcIiSS)C :1
f169(	SifpLipdLJlJ)B :1
f170(	pJdflciLjdpBiCS)j :1
f171(	lfsIllSJIdsBdjfjILsJCdCcp)C :1
f172(	djBiCfJljSBcLdipfflIiIldJJcLiSsifS)p :1
f173(	CiL)L :1
f174(	LfIlSSJsdBJILJBSLpLBBCfiddjiLSCIsJCjdppfpISjBifps)l :1
f175(	sfLlfLsSIjIdpcciBfCdLJSSllsIffSCpcplpBBSJIsijiLJsdjBJpSsj)J :1
f176(	IjBlScjBdJBsCIjJBfiJCiCCddjsjcddlBldCCBCLBIdjdJJpB)s :1
f177(	i)i :1
f178(	SSLJffjpJJIjLlJ)f :1
f179(	lSisSdpCdBCSiilLCsJcpIlIdsCJ)p :1
f180(	BIIilLi)j :1
f181(	SJcldjiLLlipjpjdpLCIJsIcLfpjsSIJfjSfcLlpiBJffCflfBcjSJJcjIJLpBi)l :1
f182(	LJlIsIpscLCslfCldLBJiccplfJLSSSBfdICISI)J :1
f183(	JpLIB)I :1
f184(	pIcCJsdScJBIfiIpidBpSIiicscJSjccB)C :1
f185(	JIsfjfdBpSjJLIljLCd)c :1
f186(	CsfjLBlLCdSJssCcss)f :1
f187(	LjSCCpdSpcJdSIjBICplccSSijiJLSsjpjldilSC)L :1
f188(	CcilcfffJdBdSIjLcSBSpppjpCCCidBjBIsCSccdccfiJicllcdjdpBpBCdiC)B :1
f189(	CICipSIpiJlLCcpfpdpSdliLLJLcLLcdssSBjLpfijljlIIIISpidCClLfpjJfIp)C :1
f190(	fLjLldSSjdpdIssSJCILfsJlLsJCcpdBjjpCIcIBBsdjjCpciSfSj)j :1
f191(	spJIfiIdfBLcIpJjffIIiJsIBjiSBfSSlfpJSsjssSSLcdsBplICSLliSBlSdBlldIs)s :1
f192(	pjBcfLspBsJLLpcjIIpICCICpccSSicCfcspfIJdLsljBpBIspd)I :1
f193(	iJpILcpcsdBSspslICIlfdlldCdpcILIBjdplpddpBSBpjLsLCdlCJSCLSdfLLSpS)S :1
f194(	BcJdfJsdIplljflCcsjsBpsfJBsiSJBSllSJsjJlSsi)f :1
f195(	BBsSJjiILsB)L :1
f196(	IccjIpCLIIsBCJsjIIJjldcCSjdjJLcBpCJ)s :1
f197(	pBissiifldSCjppjdBpjBicpICJJLfJJfBpCIsccCiSLsCsCsclsIpBfdljLJcSjcC)L :1
f198(	iplJCdiIcllSLSJCClcCSJffLsIfICIfdcICcf)J :1
f199(	jsJSJsjLflfCspcBcj)f :1
f200(	LiiljffJLIfSLjliLCcJpBpcfdCdjcjSIfd)d :1
f201(	pJjSIfBBjiLLjiJJsLjsfjpdBcidciLddssIcSIlLsiSJddfljCJ)B :1
f202(	jcBdBCSpcsBilClCfIispBsLfdScjSBBIcBjsSSiJiLSjIIifflLffjpppfScdiJc)i :1
f203(	iLiLiL)I :1
f204(	SdsLpciJBScpcfLIBLpJpslCBcdIpICCiifsjspjjfilpccpf)d :1
f205(	lscfSCfLBSfClSBdpSLSplLjIpJs)l :1
f206(	lifpSCBCfBIpsCcscdJfSIjBddfJsJCddBpSCpIcf)d :1
f207(	ccciCBdBiiJiSjsfppcppCJciiJIsjIiJjLpJLfdcISIBJifIjlslsiBldjfIdsc)I :1
f208(	f)B :1
f209(	LBfsSisdpciSplBBBBlBJJjjfJBfIclscJjIdLiLfLclicLICII)L :1
f210(	dSdJi)f :1
f211(	IJiJC)f :1
f212(	cl)i :1
f213(	jCdsJcBBsjjBJjSJClIsCBJLCILScCCliCddsBBjjJjccflSjCjLscIIJsL)L :1
f214(	dipciLSipffiidjslppfSjcIBjBssL)l :1
f215(	CjSjSlfcjLjdLB)C :1
f216(	pdSCjIljdLpsjIIlBLCSIcIdfdfJdcc)p :1
f217(	IBJfL)C :1
f218(	IdcdijJISpLLdsLpClICLjBpdBIpLJlCjLCdSLilJCIjisSjfplJSlISL)f :1
f219(	jjfLBlfddli)l :1
f220(	jCpfiCIsdCfSfilJspCp)l :1
f221(	pSppSjCBpLClljfcpfslsCBfLSLdCifdLLpcsdccLspiLlIJJLspfSLllIJpfjp)J :1
f222(	JLjJpJSBIlpccilpl)j :1
f223(	BsilLBjJjSsLfdSILdLpiiJIjBCilLcldIiljfSBCjpcIcjsB)S :1
f224(	iL)l :1
f225(	slclSpLBpsijLsppIiJjfLccLIcCCLBIICCLdfppCsSfjCLdjSjiBlIpCJdS)i :1
f226(	)p :1
f227(	CdJcfIfclsdCilCdBlSBippjIpfppLldlscJlBlisljJiljiifILLSsC)C :1
f228(	ddpldjd)B :1
f229(	JBpdsjjfdC)I :1
f230(	jSpscCjsSJsSIfsdpSCISdIJ)j :1
f231(	jICdplSldifjlscfjJLpJJcLBILjBsjjLljjipsiscffSBLpJjlCCLfsCJLCfsLJfs)C :1
f232(	cilSIjspjBlcjSslBCf)s :1
f233(	lIlfCSpIIcjfLfSscCpcpflcCiCisiCdpfpBCJIlLBjIffLBBjCpIp)d :1
f234(	sCcjjsIiCsiSffdJfIcLSfpiidsfpCJBiljfddScsLicJiL)I :1
f235(	fssLBJCBpBfBlfiSISsIlilippdCJIcIlSCLdSppilfBJSiBJlISBClpdlBj)c :1
f236(	BpICji)j :1
f237(	sfBcdJiSlBdcSdsdpslppLfp)J :1
f238(	BCLjjdIjBiCilpIldLlCLII)i :1
f239(	sCCcLjcfslIscBsjCl)s :1
f240(	CfffjcJBjBspCIdddcfsLSjfipIjjljljIjcjCccsidIpfipdScLlJlBicJdLcJSjC)i :1
f241(	ijCJf)C :1
f242(	LcI)j :1
f243(	plpIS)I :1
f244(	lJclSsslLiBppjBiIsICSfliLiCsllLisfBJ)c :1
f245(	splSlIfLfSdSIssCJd)j :1
f246(	CCjdjppjIfpLLjBiBdcfscsLSjfdjipLJilcsjllijICcIJciLBlpSicps)c :1
f247(	ldcsSLiJscSllLpLsIflCdSd)s :1
f248(	ccdCIlCjdjSicjjisCccdSjpdlpSJBBlCdfJlBCJJIdlBjBs)l :1
f249(	SljpjjjSpcSp)p :1
f250(	pLcIpscilcBlJcdSSSdpCISlLcpcdlJLi)L :1
f251(	sdiJlIlicpSicJidL)f :1
f252(	IlisLSficScijcLCLs)f :1
f253(	SljLpCcLddB)i :1
f254(	iliLjLfffsIdBJLsIfjCIsdJiljSLfdcjSfcBLBdB)I :1
f255(	ccJSJjfLBClJjicfcBpsJccLCfLcdsBBSlifCslCiSpdldppdJBJLcSfBcBd)S :1
f256(	Bll)i :1
f257(	fJscBJfdsfpcpIciCsLcspcsCCSffljpSLfiSpiJl)C :1
f258(	jJpdpBlfSjBJLsfJcJcfdfpSsJLfSfJpjiLSiIsLBSSLjsi)J :1
f259(	jILisclfpjCLcBsIpJfsfJsCdBlCisBfLLSBfdfljciJclcdSBCsJIiJ)I :1
f260(	pfippCJ)c :1
f261(	IccclsjSSsiS)J :1
f262(	IpBdslIiISLsCfpscsiCicidiLCL)B :1
f263(	CjJsjffdsiSBJIfILdlCCcsjcJSsiicJflpiJLipcLpLCLCdLfCfBi)I :1
f264(	BpiIC)I :1
f265(	Bc)f :1
f266(	LlfJLJijpClpfjdpJisliBBpCIfsJpLSI)J :1
f267(	ssSLcIIfiBpCJCisJIsIlLifSClJJsjfjpJJScIlcSpljsdClClSfBssCffpC)i :1
f268(	lsSsJiLsIccCJScpBSISsIjIlISIJLCsBIjJpSfSidIBSj)p :1
f269(	pSJcLCjiJffCJBIlIdsS)S :1
f270(	JlccLilJLj)f :1
f271(	JJjcBCBdildpSIpJpcLIpfjj)S :1
f272(	cBldisJdilci)J :1
f273(	BJSiccdfsLSBJpjdBJdLJSdCSifipIff)c :1
f274(	sCSscjdijJsc)j :1
f275(	LIBSpBjciijsficdjiC)f :1
f276(	sijldcfcJCpcCCdslBJcjfddddjSCidipIBpJdfs)C :1
f277(	iSpSJjSsJfcJpcJiiLLiCjpCSICsLSfclLissLIfljjjJc)f :1
f278(	fl)i :1
f279(	ss)s :1
f280(	LiLIlljiidJlLBjiJcfsCpsBIlclfSsJLBBilJ)L :1
f281(	JipSIilB)I :1
f282(	sJijlfCLJccplppLsjiBldiIspfdfSjCddlJffiId)I :1
f283(	JsciIlLISLfpdllfJ)B :1
f284(	LdiiJSsdLsidflcscLBJcLIflCJJLJ)B :1
f285(	jIfcLCcIijIsCJISSjfIsiSdjdJsJJl)C :1
f286(	JSfLiic)f :1
f287(	SBIpipissJJJJCjCicpcSflJpIdCjpBffjLsScjjLCcSSlILpSpcsjlBdls)j :1
f288(	siIpCLcssldIpSLIpjScSiSfcifpJiSfLLl)d :1
f289(	LCLICCsIdLSIBipILlJCjiLflJliSJf)B :1
f290(	JjBLLIlIpcjsfddJjCcdfBJjLBpiffsjisSCLdJjcCLBCLllfplppsSJ)S :1
f291(	BsdsLijB)j :1
f292(	BCpCSjsISfCslpBjc)S :1
f293(	iICJIIipdI)i :1
f294(	jjBLpJdSfpICjSC)c :1
f295(	jspBiIIfpSfSlcpscjclIiJSfLfs)d :1
f296(	JICIjJfBjLSiBBIpsJSiSpLfCllBfldjCCdlLplsJBlJBciSlLldjIflcJldsljI)p :1
f297(	cJSpffpjIpJfCSJpScSsLipIiccfJdil)j :1
f298(	IiJSdcCjdSfjCCJIiifsfsiBCddjljsCdpIfflIfdSiCIBJ)f :1
f299(	ICSLJSdjSIsplIpjdlIJcSjilLfLS)p :1
f300(	pdIJjpjcCBi)B :1
f301(	ppsLjliJBdBLlfIdLJplcIsddicdLClJddSIlLcllciSBfsL)I :1
f302(	IJjLJjc)l :1
f303(	pfCipCLSpIIIcjfiJLlispffiJIflCIjBJd)f :1
f304(	lCJClBSsdLplIsdScpllsJiiBfIlpSIjjBLCBcidpslSIJJJIsslp)l :1
f305(	fjJjifdf)i :1
f306(	lJBLddjslfLSISLLJIjsJiLCdcBfBIplBpiBpdsjpBpSSjBfdJCJBfLdBLpcClps)j :1
f307(	siCjfBjLSfsSps)d :1
f308(	pdfjfdSLBjipLfBBSsjCscfJBCdpIfpSplfLJCIllpjILjIBpBsBCClCiJBpjpcSj)d :1
f309(	CCI)p :1
f310(	SiScfLCLpILdJiCBBCpjBdfjdflCijBLfSfpcBjfISfcLccLsdSSdCpdcjc)j :1
f311(	cSdI)C :1
f312(	jsiILlipIIdsLdjBfLpfpidiIclijfsccJJpSdlLIldCJjCjsBiciij)p :1
f313(	ssBcIcscLBilLCCiCSdljjdjdcdSJppp)B :1
f314(	djdCllscidsjSIfScifcdpCfcpldJLLJSLLBidcpfSisLsJfJIBJsCIi)B :1
f315(	SJdcCSpdSsfi)B :1
f316(	LicjlliSCifiJSpJjcsjCIpBicsSjSCslSLiBClCJjjsfifiIcflJllBp)f :1
f317(	SsJJdfiSfjdBCIJiidsLIilcB)i :1
f318(	BCLIjdBCffjCLBCpsJIlBIfLfSiBSLfidJpjjpliLCJjsLSIipcisBC)C :1
f319(	jsLSccSldpspIljlSBfBiiIsj)p :1
f320(	jdldjdlfBpsLLBBJjlcsdCCBJjIpBSiJSB)j :1
f321(	BsLcBdppBfiJJjpJLdJijcsJiJCllLjldSLBsJpSIsdBppJJLsBSisfLp)c :1
f322(	IpBCpSfpJIlfddpBpJlIifILSlJBjlj)B :1
f323(	jCSpcCiJpSjpcJJLsBCCIfICIjlCBlljfBi)B :1
f324(	LJdBCLCLifB)i :1
f325(	CfdJB)I :1
f326(	lJCiSlSi)B :1
f327(	jpdjpcSBfldfcBcddldip)l :1
f328(	dBi)l :1
f329(	LllSjJpSLcilpSjfSJfsSplCI)L :1
f330(	jCpffIJCd)s :1
f331(	)S :1
f332(	c)l :1
f333(	ddsfSfLJsjsiBBjJCSjBpcspisCIipcSpisCsdLIIdfjBi)c :1
f334(	LlsjpjSCLIJC)S :1
f335(	jCcLSSlBpCBlLBcpspIjSSBlIpCcdIpIldsdsdBcccppCflilC)f :1
f336(	)I :1
f337(	ldlpBlSfCdpidcSBsIcBSsfdlJCjJJIsJCcJpijBiiiSjLSLsiLjllISslffsi)C :1
f338(	jsIilBIBifidJllfcIipCfCIjBSpijldpCiICpjJlfjSJsCLLJJdILidLL)L :1
f339(	siCBjJjLiBSc)d :1
f340(	IJClidsdfllslIBIJsppSiifCLfjffiiIJBpjSLidIllflcIddSSilCjiBBSd)I :1
f341(	iBLsjBBfBIjlSsLpClcIcLJJClJjJBsBcdsJdsjdLclcSid)I :1
f342(	cdCfjpcs)i :1
f343(	pIfpjpcCpilpcLIscfCJBsjCCcBsSIfCdLdjjBliIi)C :1
f344(	ClpsjdpjsSLIILlLCjfCSflfdSsiLIdfcLcJLd)C :1
f345(	SfI)L :1
f346(	CjfLiBBSlfsBclLjJJliLsCLiCBSlpBfSfJldJdJjslJfi)C :1
f347(	BpfpcBjjsJpfipLlLiildiSIJdcIiSdic)f :1
f348(	sfpLciJBLIpICCpf)C :1
f349(	slpCpSjcSdsC)s :1
f350(	BBsCipsCsBJIsIiIlJcIpfLiBBisCJLs)J :1
f351(	IBplCcLpJdsdIfJjSiIcpjcCLSLjJijBiSLJiIiBIldfJJIdBdBpICBsIpLcCScjJp)C :1
f352(	Sj)B :1
f353(	sBlpJCLlcpjjdjLISjjIplBIjCIpLjJdJSpCIjfjSicSfpLCiSlsd)L :1
f354(	jdCilLdlSSIILBiSiLillsIpJpjppsjSsllfilJldcCLCJ)B :1
f355(	SisdJLpCjiBSlJlfsiplBiiBjJLlsLCjcIjl)C :1
f356(	fLLdcIjLSpCcjCjfscjdLpldSp)i :1
f357(	jJSiScSIjfsplidCJIcpjlpSIIspSllpSBslcJcJISicLiSSfiCIBdLIIBSLl)B :1
f358(	dBfJcILldcccpjiCipSppSjSLJJjsJcsldfLIlIIL)J :1
f359(	jcdLILBsJSpfcIjJLCldplfJCjBJslcpLcjs)p :1
f360(	jidiSBpfljcSjdBIjCdJpssdcBBJsfsLsCcJsfjfI)J :1
f361(	djSiBjilSJfsLdsS)C :1
f362(	JdipBBBdj)d :1
f363(	CCiLIppdCIspijJSpfjdjIiSIiSId)s :1
f364(	CISffclfScCCILLpjlSIsLpjssfLCcJSJfsjBfiidJJISisfBJSSiCpJilSJ)p :1
f365(	difCffBSSBdfjssLcSiIJLlIicclldllSjfsIdJLdjlIpfsdsJIficSLCIIficjL)l :1
f366(	dcijfScjpfIBfLlSJcifpjSSiLIdI)c :1
f367(	iCLdBccJfBBdfLlCSpjsJcJdIS)i :1
f368(	pIpslJCLlSSJSSJCcsSIBfLldilIlBf)j :1
f369(	LLCiffBCCljjslljdcJppSLCdsfBcijfCLs)c :1
f370(	SspdpisIBLICisBlBCJsclijCsldjLJpBIpppBsfplc)C :1
f371(	cfBSjSiCldidJSjifSIiCsCCjcBsCCsscsJJjdLsfcsjILdSBilCJfiCBiisJJjlfc)s :1
f372(	cBlBcfjjJjflfJfjjsljlcpSlSB)j :1
f373(	SdjSJjIIcBBJdLIjJdcplljLIfipfd)s :1
f374(	dLjJSdBiBcddp)I :1
f375(	IIJScsppllsIJsLpCjSLpSpCSdCSpJpsci)j :1
f376(	JidSBCplij)I :1
f377(	BLSpcCBIcsLffjCddlcjBBfcslplssssBjccLCJ)p :1
f378(	SLSffspJSilisLldjSCpjIpcJdpL)j :1
f379(	CfiILsLjpBdIICsCcpIslBljcsIfBBjsdfllCisBICj)d :1
f380(	pcIlJLSJIplLSJLiCBScLBsc)S :1
f381(	JIfJflLSSSBlfIIJCpsdsi)d :1
f382(	IlJLpfcIidcslpJdCllcCCliddSCSSLpBiJfsl)i :1
f383(	JIdsSJsIsdjicsLcCcSjIcijIdiLJpIssijjdpBsLjJfpid)d :1
f384(	SjdifIfpfJIlcldIsIIBIlpBSlpLlpsdSC)i :1
f385(	lsBJfIsdCCIild)I :1
f386(	lssddclJfdJsc)B :1
f387(	pSIiCdJCCpJjjJBLsSdssBdfdfjCdjl)L :1
f388(	CCBcLCSJpfCifflCffidpSflpcliLisfJsBSISdSCclBBisdslfBdplLf)S :1
f389(	JLijSJjlc)f :1
f390(	iBpccpIiplBlLdIiLiLfdjsjffcjddsiBBjCfdjllJiij)p :1
f391(	SCJCCCILBSpJSpplfpCBLCJifCpSLJCBpLsBflLddJjsiSdsCCSfSdSCC)c :1
f392(	fLldjiCJSfSspdLcSccJssdCJdjpcJSBid)d :1
f393(	iCjlBfdfpLdCpcpcSLSflplpIBpfdppSdSBBsBfBLfCJdBLSLcCIdfsifBSffcsp)I :1
f394(	flSLlBlflJdiflIcCiBI)p :1
f395(	jCpiscslicilpBLjdicdpBJScpLCsJcLLdCdBiliIBcScfpcSdBCdlIcIssLpij)J :1
f396(	lJSBsLISfpILJjcjJsj)s :1
f397(	JLdfjpsBijlBfLSJCJIdBsJJScCjlISsCsCLciLIdIjpCpIii)d :1
f398(	ICdcjcscLLiBdlClLJisJpLiB)j :1
f399(	idpLiBLIjpLJJIBJIlpciiIJdSiiSfslpcIscCLJBjslBsSIfcjSjBdjSS)f :1
f400(	CCiBspSSBcdcJCLliBcSCllllJCBdcLCScCjdjfBJpcCd)f :1
f401(	iddLcJipSBBidccciCSdCppCIJSlJCjBCIpScsciscpssfilclJsjIIdc)L :1
f402(	lfcLcJjilLjcBlfsfpJJfSsCflJfLSIIsJsisLLfjsB)j :1
f403(	fpplIIJplpliijcLBJBlpifJCpcIpliLjsIBlcpifjLSBpccICLSjlfLjBCSlJc)s :1
f404(	jsIJBfjjJpJIfLfBICJCcilcJBpCcBdJSIsSSLffJjSjssJLIsfjJJ)J :1
f405(	JiSlISSLLJccS)B :1
f406(	djSIpjBjdsIIfBcBljiidLlLjsfJJfJjIfBsIBpISsdCSBsdJlSjiBSfSCIdcBIjdj)p :1
f407(	jJpffpBCpSCidjdSJSsfILpJpSc)L :1
f408(	dCijdsILSJJJpBjiBfdScppflildIiLijCdjiiSlBdsfdpsdlCspBBl)l :1
f409(	SlflISsJSLdlclLBfJdLfdicsscs)f :1
f410(	lsIJdfdCjsdIdBCLBBSBpsdsSCIIIiSClLpJlLpCdLldpplffdflsfdJ)c :1
f411(	BJpSLIcjBpspBsJLCijpsIpCCBB)c :1
f412(	CjlLSBIpCBpdSlBJSLLlSJdpicdICccSlpBdpjpdJld)d :1
f413(	djlLsSBfSpSIppJdfdJldJj)j :1
f414(	jCBIciiJBcfiCLlBccffLpLlII)l :1
f415(	B)s :1
f416(	jiIdIpicpjdsLLfLpBllLIIIfdcd)B :1
f417(	SjLpjsJdSIISlCBJdfJJJiccf)B :1
f418(	ddciS)J :1
f419(	cCiLclCJ)d :1
f420(	pBjLdciJjjlijLiIfLLjfflsJLdpSdLCdsfdiSjfpsSiBlpfIJISIcJcfjdsI)l :1
f421(	IfSIsJdCIsIpSClsJsldLLjflcp)f :1
f422(	jSdiJIlsIfLlSjdIsCcjfBsJJCSlBssjjCdC)l :1
f423(	IcIsLppLSBdijpIpIcdpLdBdIJCippBSfjjliSIlSi)c :1
f424(	sJJllJIIJjIccJjdIjsicLBIcICifSscffpJjSccpjCfClpJscBSpcpfj)d :1
f425(	ISjjsISfdJdBIICilfCSc)S :1
f426(	icisBdsSijffLisJSfJiS)B :1
f427(	lLifBjCSdSlCiliLBdldLBCSScdlIBscLlBLC)s :1
f428(	cJL)S :1
f429(	illiliiiiJLLllicllsiiScjJClCfdCSlfLSsclJliSicLjLIpcpcsiliBfSBBlLfi)B :1
f430(	ILLCCcjsp)B :1
f431(	spccdiIlpjJcjJpsjCSllcIpsjijiijlsJLsBCdpljdsCLjLffIjdfisILLpcsIifCl)f :1
f432(	JlBClSSipcsljpJICfffJlBfc)I :1
f433(	ScLlLILfcBsIfSLjfjCSLBCllplJdCISsCBBJpflfCCLjdSijILsjff)s :1
f434(	JfLLScBjcBCddfpcBjldfcISpLfLlCIscsdISddIBciddCcBLLB)J :1
f435(	jdlsfifBfcCccJIcJfCLscLisLcdLLfsljjjdiJpjLdliipdsdLIBIfSsB)s :1
f436(	)L :1
f437(	SilpdJsjIp)S :1
f438(	ILpslBsIjsfIJCIpCCBIJlsJSjcp)S :1
f439(	sLCBBfcsSJjsBcijdjLdBSlSfBpBpcj)B :1
f440(	lcdJCsdpLCpfJSfCcfCiJISJsiIifISJjsCLIcjsSSCdlBcLdsCjLjCBfJIp)c :1
f441(	iJdJSILflBspBffclfifiCiJCSCJcsSjfSCsLfcIdSSdsCBdc)I :1
f442(	jJscLJsiLjLsicilpSLSscJCSpsSflCisijBBpILSsdLSiiClCIdsccJf)i :1
f443(	pccsiILiIJfsfcsliJcJSsBsjciCBLcpfCcslplCijiSlJBBscJjSlpfpCcpdC)l :1
f444(	iLcBJLCBSjSdCSBiIlfpSllCfLdfdllSipSdjjdpcSLslpJcIjfpsJdci)d :1
f445(	iJlldIBddJdplSJfdijcpBBlslJSBjSIcdccICBILdsiSfSsspicpILBciiCfLJBlL)C :1
f446(	fCJlCfcIpiL)c :1
f447(	CCBJdcLiIfSC)j :1
f448(	fsIcClLffJdSIScjjsljflJ)J :1
f449(	cIis)B :1
f450(	CsCsIfdSLJScBJsjcjslidsdBSIiJIcpLScCscjBlpCLIiSJf)j :1
f451(	sjjCJfldjccSpIiB)l :1
f452(	JLCifffssICpliSsJfcsfJiBdsIiSCfff)B :1
f453(	pdCBClCBSJSJsslIcSfcs)c :1
f454(	liLjSlJlIJpjpILppScijScBIidJlBCSIffpJII)B :1
f455(	SJ)p :1
f456(	SJJlLBscCsjJCcSsSJLCjjpdBfBSIpcpILIsLlSddfjCBpiSICjdL)S :1
f457(	LsdBlLCjsfdIllpJJLCLLdCcISlicBSpssfdBBISdIplcJSLSIjcIlsfBfScfJd)C :1
f458(	pcdfjsfBcjclpfBSiCLcilCSdSCJsSIcIIBBlfBpICISBjJIliJcBLidBJJSd)B :1
f459(	iIIiCiidpJICJBpcLClpsissIppLp)f :1
f460(	CSlJjBdjfJBcCc)f :1
f461(	pcflSSfjLLijjsLLJI)S :1
f462(	ISLifLIcpS)i :1
f463(	ISSLJsSidldjdLSjCJlJdiBpCIdBpSlsJdBsCilCcJLB)i :1
f464(	jj)l :1
f465(	CJlCiflSfIlJLsjLj)L :1
f466(	CdspLssLpL)I :1
f467(	dBLcIJ)p :1
f468(	jSIcBLlpsIdIICSCIjdSSiisiCippCJijcIjpCiBlSjcjfSBisSLl)L :1
f469(	cfidLJJcclJJILBjiiBjdfpdSBSBLBBpdiLLdipBBilICldjBBBBffdsdsSlSijSLS)B :1
f470(	lfplSjcICcBsccsBdssfjJJfdcCLIsIccSLipffBdfSBBJcdpSf)i :1
f471(	IsfJIJBlcCpifsCpcCpBIfcBdBfsdssIIccdLcJpsICCliBpjpfBldcJBdfBCcIl)s :1
f472(	JdlspdLBcIiCSddCBlCcsCBCCssldjCJjfpS)p :1
f473(	idBpcSpcjpLlfBfdCcsILCddLIfJplCClCdLjLf)B :1
f474(	JLjJlILLLsjfCjllisIcIlLJljCIisBBdjJJBiiL)l :1
f475(	lpIiIfJfdBJllssflJclJcsslSlccSBLCIcJiLjSpcBISsSBfIljjdpssjSSfic)B :1
f476(	slsdCJLSJslfJlLBiSJicpJJCdIjBjIsClsSsBlfsiLfBjdIpjpdiIjjiBci)j :1
f477(	llsfBjdLiCcCcClcJjJIIBfBJScLLJSiSjSics)c :1
f478(	IslJiSlBfSIiSiiflIJIcfpIICpjIdBfC)l :1
f479(	jBCjdIBSpillcCSjSsiLLJJSBjSdLBIScJ)f :1
f480(	cfS)f :1
f481(	BjIsfBjCIsfBpCBijdCjiIl)B :1
f482(	lcsBdJcjBSicfJjCIjdlji)C :1
f483(	jLdBIdSCBJCdCSIslfSjIpldSllfcfIlJil)B :1
f484(	dCSJiSLLLdilsdCclCIi)p :1
f485(	jlLCScpiIpJLiBBCLpcCjiC)l :1
f486(	fffslsLiBdLCLClJLiBLICjSsLpldjCp)i :1
f487(	ccSf)I :1
f488(	psJJisCclCfciIiJssSCLIdcjBC)f :1
f489(	lsLdfSScjIpLifcpSLcJBsSIsIdslpsicdSdSJcfcfJIpLSCjiLjlBBfjBCCfij)d :1
f490(	pdlIcjJBCBpfiBipLdIpdSS)B :1
f491(	jfpBfCfppididdjBLIILpsjplSpBlpjC)l :1
f492(	sjjcSijsLIsSjdLdLJCsifJC)d :1
f493(	dIIJplCSpjLSpIpBpS)d :1
f494(	SLcjBIillSdJLisJBifpfJclcdlfslIJIjc)j :1
f495(	jC)L :1
f496(	cSJIJCjBcSdLIlfiiLlBCsjLiBpfCjLSfiLIJSjllIICcSjIcsjsjBBfcp)L :1
f497(	SIJCpilIlCcSJjILfBCd)S :1
f498(	sppsLfBIsidpjpCssfiisBdlLpLdLBldfIsJiscJlcisfJICjp)j :1
f499(	pIiJSCjBsCBclsLcjflCdcifLfBsLJdjciCijlipfIfJlllsJ)S :1
f500(	jIfICLIIIciBCpCjifdCLicScpBSi)S :1
f501(	fpJidSpipdppcJBJBfjCldsBBBBSiicSCllCBjJfIilJBLCBlL)s :1
f502(	lIiljIBdpcSBpdCfjLLBCIJs)C :1
f503(	sfjIssdJfjcdjfcpdfpcLSfjiBddsCLjBSBsjBfIjdiBfjfpildCBp)l :1
f504(	fliCpCLfILcdpBISdfifislpdl)B :1
f505(	ILiiiLJsfScSBsSpspCslJccfpfpIfpdlCiBfdspsiCSJICpSSBddCcpddJIfIIJJp)J :1
f506(	LfSdsISfdIlsLLsldSjdSCisJfpClILiSci)J :1
f507(	lIjcCpfdcJficpLssBfcfcpSpClfJSISpdIdp)S :1
f508(	fdpSBlBSdcsBdSfSccdBlSjBcIIcSpBCLfIpjjCjliJJlIdpjdpCsSCSplICIIS)C :1
f509(	pBdiCIBjBlCIJddjpCLCicBBj)C :1
f510(	BjliilSLfpLipijsdjCIiisJLSlLffsdi)d :1
f511(	LlLIjjsfSlIJJBpcICiBflllJj)f :1
f512(	dfdljlCBsIdjciCLIdpfcCfBfJljCJccIBpdLBB)d :1
f513(	djjiLSplcLpSlfssjpICfjJdiJLiJLp)J :1
f514(	idBlpLpJjCsIijdsdCcj)L :1
f515(	fSpsdj)c :1
f516(	fIjfCiJdBCCsJJpJppLdSjBsffIfIJIScdCsip)s :1
f517(	BIllBjspSBLlJpfIliScdLiBLJSC)I :1
f518(	JIBScBpifcilLdIlICBLsdjlBSSiILdBsBSScCLd)s :1
f519(	lBccLJSLi)j :1
f520(	fspsJClSCLJCcdsslsjpfJdBSjScffppClBLpLcdjlClJIdSlI)c :1
f521(	ccJIJfjjpiSdBilfcLflIBScIsiCLjLpJiSssfL)c :1
f522(	cBSILsJIcsdcjBJpipj)f :1
f523(	ijflLCjIspjSCBBiJjIfIJIIsspBLLJcSIpBl)i :1
f524(	dscsiCspLLSlCdclCSjscSpCJSdlBiCdJSsBI)j :1
f525(	ssCdICBCSilJIdIJjLJspdiLJLBJsjIjplISpIICfcLSBCdJdjppjsJCBJ)L :1
f526(	cCpfpsClLlpJLjfpLp)I :1
f527(	isjdjccjlpppBJlfpfJJjiCSdBclfjISpdsScifpslJssSCcsLl)p :1
f528(	fccfsLppsc)J :1
f529(	idSLpCdIpsLCIfi)s :1
f530(	siISjiJSCijSdLLdcjLSjscpBssfljIfdfsIspL)I :1
f531(	spCBjccBfijc)j :1
f532(	cLJBICjSciJjliSCJjdLJIf)L :1
f533(	LccflIdIBBfsjsSdpfJsCppLLJisIcLssfcfS)c :1
f534(	icCJJIdjSpCjBdipLdCdI)s :1
f535(	lIJLidplidfBjidclpSCfSJlBjfBBCpllIIBiSlLsJLLdLfJjsp)i :1
f536(	IcJdBldCIlffcfsiJBlspiCJSpcjljccllclS)c :1
f537(	LLLlfldSSddjpililjjsCcSSpBijiIICsCpCfLICLILJfIBJdJpClCIjCpBJS)I :1
f538(	jlJlJSCLclIljdlcfsdBdcjjSijflBJsLsdSjCcJpJSSjBIiSi)I :1
f539(	IBppiilciSSCjsIcIJL)s :1
f540(	BJlBBcSiJJf)J :1
f541(	lBpicCliislpSciBiJcdscdiIidc)S :1
f542(	IdJSilIBcpSLllfclslpCffCSiJsIffdfIssCLss)J :1
f543(	BssfidCBLidljsBCjjBiIffLcBIisBdsSsClCSld)l :1
f544(	JsfliiCIplSliilppdfpCCBSfsJjCSCpjBIdIliSiLd)L :1
f545(	lJdJILLlpc)j :1
f546(	LcsB)s :1
f547(	JSjJ)p :1
f548(	dcJlcipLdpSIJccis)l :1
f549(	dLLBBpJiSCCJCSsfiJLCjjIdCJcJpLBp)I :1
f550(	pIJipdJBjpSLlLSIffBifCBdLpLplsJILCfjcjJJSdiBlLIJJIdjJ)d :1
f551(	ipsCIjLdsfppdiiJlSBlBLcJiJJdCJIJiLLf)s :1
f552(	fIiLsicldLBBIBLJlCCscifjdSslCjCc)d :1
f553(	psdffdlfdcdlLJfffdSLjscLdSSCiSLCjlcIJL)i :1
f554(	fSSJdCjfcplJcLiBBlCiBdJjJlBsIipilcdlSIj)i :1
f555(	CBSfiifcJScjflCJLIB)c :1
f556(	ipIiILpdCcCCIBJfdLIs)f :1
f557(	cjs)L :1
f558(	LLiBCCIjJCiJijLjdp)c :1
f559(	LpiBlicslfjiJfipBfSlcLsIsBdCpccJdIJJpLfjJifCSSBisSBiBSpsip)I :1
f560(	djLfBSIpciilL)S :1
f561(	cJfIfsIsSpcjCfBipJClJjCIJJfsSCcipBflsidjCBcidCpLpdIIIlfcspS)J :1
f562(	IBLIfIlsisIISpiIJCSJJLcslCjIjcidCCIBlCsciLjLJfsCBjplsfdfcISJJLJLd)c :1
f563(	JscllpsIiClJssifISfiiiLBdIJLILjBdJLlIdcpcLiidpsICcfjjJ)J :1
f564(	cssjdpjdiSJpslliIBLIfBfBCpJliCCjI)I :1
f565(	i)s :1
f566(	SJfdICJcJBCijciIcJsLSJdIcifCpcLCLlcspLiI)p :1
f567(	pSlsLppBjcljJpfIdLJLdiicJspBllJIdSlLcjL)l :1
f568(	iCCsclCfSfplSfSjLSCidlisScipfBISsljiSlsJJ)B :1
f569(	fdlildJBdsisJjJIiJdLf)J :1
f570(	sfdIjJjpIIIfCIICIL)J :1
f571(	icsfjfpSpijBSjjfcBLJjCIlldfCLIpcJcBCBpIpsBpJjS)I :1
f572(	SCsfiLjclisifcjjCJlCiCdlCpSLcLIIdliSificSljsL)c :1
f573(	flIcclcLpfBJBpBjLLfBCpIsccpiffcLjJfJsdicfIldsLIdjiB)L :1
f574(	jBSlpljlpSsi)s :1
f575(	lCsLclIcdsjdLdBIcjjIsScLBdcsiSCBjiLJcClcisBCCclSlCpfjdJjfLp)s :1
f576(	d)s :1
f577(	idCjCfJJclpSLIlilIsCifLsJJjljLCdLSIf)s :1
f578(	jSl)S :1
f579(	IpSpIpclCdiIJddsjLIIIpdiBdfilCBcdidICBcSBjpJj)L :1
f580(	cISjfCISCICjciJsidCpcCdICjspBBLcIBlisCliJfdLSjBlIsjJIIBlBsIB)s :1
f581(	CLsfCIBpflLpI)B :1
f582(	ILpLsiCLIpLLspBIBLLffsfL)c :1
f583(	jdBjSjSCsJJiiBCcLIdLddIlfifLcBSJBiCSfI)j :1
f584(	ccIIcl)J :1
f585(	cjJBjcLiIlCJlIslpIBLfjpBJSILdBJcJCCcsfjLjlSsCJdBBdLdjJdCf)i :1
f586(	fijdBlCcdBlLJScpjlLJlLSlSdJIfBiLIfLIJfJJdsSjjiScBclLfBiCdBlpBB)J :1
f587(	difjsIcCLiLSLBipCcjBcfscffddfjip)d :1
f588(	iCpjijdcfLCsjSSBiIdJjfI)I :1
f589(	iBSsdlJCIcJBBldpfCSsjiJdisjSLBCccISccdSJcflCjJdIpslSJsSBjfS)s :1
f590(	ISBdlccJiLlsippBLspdfCJCjJLiddSiSSidiIjpCsBJBflpcIpBlisCBdJdd)f :1
f591(	sspCJSLIIdIcdiLLjsjjfdpcBpLd)L :1
f592(	idfsCjjfdBpIcLpfjSccfBBlCBjfBsjIsIlidCsfCBSS)p :1
f593(	CSISISSI)B :1
f594(	jjijLdBBiliifJsBlJSILjpCpsICLIlsB)B :1
f595(	pBppIjCpipciIlLfISLJcdcsLJfdJdpiBJsICisjCidJcLjjBsCCssI)B :1
f596(	SdISpfSICLJjBcLIBijpdcpssdIjijiLjfcSpiLdCSjsISljlCSJScfjcic)j :1
f597(	ISiiilCLiCdLlCCdpllBBSicCdsjBLijBpfiIcCfsCJdSpdCjlsjBJlsjf)L :1
f598(	lCcldBcICSSIIdipLiBScsfcfjSIicBcsCpsCflS)s :1
f599(	L)L :1
f600(	CjLJjclpdLLIBCfcsdiiLlJlidfiLJifCCILsCjCfsJdIjcljjcsCLdjlfdiISSlIp)i :1
f601(	ddffsjplBdijIjpJsLCfJcSciJLfICjicISSdCBdcIIjdSC)C :1
f602(	Sc)J :1
f603(	iLpBjLIlsfLLscliCJIJcBjiCLIjf)c :1
f604(	sppSSjpBpLpjdfCScpplffsSBdpJpfJcLiIBfSBlBfsBpiifCCjcBpIcpsLJCSLfl)s :1
f605(	JjdsJfjJlfdjcCcssfLSldBSCicBBSdJpdfipiBISddIccLSdIllILdJcBJCSj)p :1
f606(	jLJSCJLIJLdL)p :1
f607(	cpcpIJjIClIpfpilBfiJsjsBBpLdjJlJIpididiJlpIjl)p :1
f608(	lLlsdCIdsSLspif)I :1
f609(	lfpcfCLjBCclBSSLdJLCBLISjlCfJlLSJJiILcBLsciSiLciSpJiJBLclf)B :1
f610(	JpjCidlCclfSLSlCBLJ)i :1
f611(	CLCCISfiiCdCLCJLpppIlCsBpicjdIcCCsiljs)B :1
f612(	IBcCCLfBjLIsflslciCcpsSBIllBdLdiLcJdpjdisIJcCfLSsfIcCLcliplSJl)L :1
f613(	LSSJfSdcLJsdIdsLflfBiBLpp)I :1
f614(	IcfpfsCjcII)s :1
f615(	cIsJiISSCCiJCciBjJ)j :1
f616(	jSjLjBfdjcsljIsddJSCplLBLCcSLJdsdjBIJfiCBlpJ)C :1
f617(	jClp)S :1
f618(	jcjSsJJBsjSCcSJlsBpSLJfflIciSifpII)c :1
f619(	cLLSScjiIcBlCfBfjfpsifJlSjjpdljciSilifBpBcjCdJcjIf)L :1
f620(	pijcfBdflIdcpiLsSpcidlJdslILjCJijcIICiiffidLLLdcjcIILBidl)p :1
f621(	sBSlJiccjjIIIpisJcCllSCcBCjBfiLCiBpBIdcBjjIdipsd)d :1
f622(	JJLplLdCpfJjcdJddBfBBIJIIdSld)s :1
f623(	Jppij)J :1
f624(	LisSdisjSsJsSJlfccfiLpJpi)I :1
f625(	pdsCllIdJpsCCILiLiclICJpdIIpffIlplpIiSidclcS)c :1
f626(	lfspJldCjdldLjpCCJfBcsSjsICiLSsICjsLCsdLCJlfcjcScBisslpIcdpf)s :1
f627(	SIJjCpL)C :1
f628(	dLsffLdsfdJcssfLifJsCljJScpCfdLfLdLllL)d :1
f629(	LjldpJlCjsIldBSSCcIBcCffclJpijicBcBpLLB)s :1
f630(	jf)B :1
f631(	CSlSLLiflSBSfplispiSfsBJSslpClSidBll)p :1
f632(	JIIJLSIIl)l :1
f633(	cdCSBLJSIIIcLfcpJLJ)L :1
f634(	BCBpIISCCJsCLJCjsIdldcIpCs)i :1
f635(	fcSdsSLLpcfBlCCiLSddpflLBcjCidcScIsSpBcJcBlLCpCfCCfdcJlclsscCii)s :1
f636(	lJJllsLlfjflLpffLpdSIBBlScfljcICLcpISJCsCBdfppLjJLfcLfp)B :1
f637(	)l :1
f638(	jpsLJSJBJCCfSspsBJdJClISIicjipsfJIlCLsCiIispJcBll)B :1
f639(	fLLCsCSLjcBIlIcfsicl)p :1
f640(	dlcBLLLpBljpppBcJjCJdfccpiIfBSiBB)I :1
f641(	LsfjSjc)C :1
f642(	dCIjLlclJCpiJSslllllcpI)i :1
f643(	BLCCfjccBJplLjsdSJjlfCSjfdllIciIpjJLclfcSlLBC)B :1
f644(	jljCjlIcJIpsffJSLCdIslSSdBcdsCdppIdiCIjLdSBfslsdpCIcppILpJLBLLfjCp)d :1
f645(	SIcSpcCBLidjjIliscCBlfc)i :1
f646(	ddppdCcisIsSJsBdsJjlsfdSBdBdcijBiifSjBLLId)c :1
f647(	sc)d :1
f648(	ljsdiCsiCsSslfSBSCipCcJlcLliplfjCCIJ)S :1
f649(	dIBSLlsBLjsciIsBcSLLLJIlClpJsCiClijiBLiLSlfLccLCIj)d :1
f650(	cifsBlfspsIIJ)B :1
f651(	lpsicfSfBiJCfCccsjdjjJIpIlSdSSpdccisBlcBcLsdfScCpBlilCsCpj)c :1
f652(	fdcBBjscsic)i :1
f653(	SSBlICjI)f :1
f654(	cBCsfLiBJSCliLdIdSJSIdlIlcJCJjcLjSBIBiIlLliCiSJiJslBsijfICcclsp)C :1
f655(	plJscSBplCCdLjJBsJSJCscSSCdJBCCfpLcdB)c :1
f656(	LSdlcIscLfiSBlISBlSJlILJSIlsjpBscddCiCSccLICidjiJp)B :1
f657(	SLfJsJfpifBjpBLssci)S :1
f658(	pjsLBlipllCIjplcljjJjcIJflpdBcpfJcllLBjILldsjliCCdpLBsSffc)f :1
f659(	slffLjjjJBBSLdJslBIpdsjdjffIdLiCIscspJLIlppipilIIcsiipidlSiJBppjc)d :1
f660(	fjjSsSClcjSjBIpipJpLScCdCdplBLIfSdsjsiCidIddfLiLiC)j :1
f661(	sllIJIcJCJjIjpBpsCCClCCJfJiSLfBBJlIsCJpiCipLCfjI)c :1
f662(	lLfpipiLCClCssflIBSSijlssfCpisjBdIfSSscIILlldjiIJLL)B :1
f663(	ISjiISLlpLlSJBJfc)B :1
f664(	plBpsIsfsdfIIsdplsjicSBi)f :1
f665(	dpCBC)B :1
f666(	spdlBffBpiIBiSLJpcLCCcBscpIcBIpsSpdiLfIjsdjJsSsci)B :1
f667(	JcSfsciicpCiCBSj)L :1
f668(	dsIfpBCcSsj)i :1
f669(	CjpBLdiccsSIiSLdcfdiSpCiBSLsfcLBJJ)B :1
f670(	jIIJlLBccpBsLdJcppIpCscB)i :1
f671(	BdjciBjpJsJliLjIdsIjSsipcjBsjICJIllplsJSICBpdjSfpLIcdpfcididij)j :1
f672(	CsJfIssdIspipcsJpLlLJJfdJsdBpjfdLjfsLcCsidJCBfppJjJCcjCLL)c :1
f673(	JlljiCIldJpCdLpCpldlSISjJplSJpcCjLLdfCJfLiBLCffBjplf)s :1
f674(	ippcCidsjIdSifIBLsIpdJlflsliCdSjpcldjlCccCijcfJfcBlclidSlllpJBiiCc)i :1
f675(	LjLfLcipddLcBIslpsdjflSjLLdfpijjdSilIpjIpsjplp)I :1
f676(	BIcdCijfCjLdfSjpldIcLBjJscidffjdiJdjB)I :1
f677(	CdsCfJllsJCiiCfdIBiifsdfljpsJSl)L :1
f678(	ddcjlpLsdclcBJjBddd)s :1
f679(	pfIlccdppsLpisICBLcCisCBpsdpCsLBcslsSlBCfLdsBiIBcJsjpijlJjIpLspf)I :1
f680(	CpCCdBddSBipBjiSBslJfScSCfjBpBjdfLCp)p :1
f681(	pccCdCLS)I :1
f682(	jCSijILliSlCiscsdscLiffjcplpcCJlSdcfipjpCsdjIcpIifC)p :1
f683(	cSffBLBsSljsLIlJdIpsISLJcCdBippIcLiCIIiLcdBfiljiCSJllS)s :1
f684(	jspdBJIcSpSpsljiJJSdspSICdcpSSlfJIpJcsLIcBsilpLSicsldJ)c :1
f685(	JsdfJJL)C :1
f686(	jpCp)j :1
f687(	fJfSSlcJcCfLcjfCccCdLLLfpSldcsJBpjSCCiLsJl)B :1
f688(	CffsBBsLpBllSiJIJsIILpJdsispBsjsCijCIpfSpJdcdJ)j :1
f689(	fBBJfJJcBpdcBISCfpiilSlIfljpscScCiLBd)S :1
f690(	BcBcCjIi)i :1
f691(	LpdcIidcdLiccjsIssIJ)i :1
f692(	LIJfdBSiicCSCJLcLlfCpBlBIfSdjlIscc)c :1
f693(	Cii)j :1
f694(	jplCJLdsJcBlLcclicsBJICljCfdJiICs)C :1
f695(	pficjICCssSdJIClBJpLCBJClBl)p :1
f696(	pscLJCscSISJpSCsIf)s :1
f697(	ldslJ)I :1
f698(	JcCffIdJBCfcjiIcCLSiCCl)S :1
f699(	ljjsdffccLBjllJfjLidCIcfpjcdCippdicdSdBilBdilJssSlCIcsifLI)f :1
f700(	fLpfcfpIfffjfpdJisfLfBCBSjdcBfBdJfpLLJCJjBCifCBSifBSdsisLSipCILpS)J :1
f701(	BsllLLfClBCBIccLBSCscIlflclIiSdIjlc)s :1
f702(	BIcBJCIlssLjiBJfljjLCBCjBJBlLS)C :1
f703(	LspiISclJpCBppfjSIsjjiBjBBsLiijClSjcllLsIfsSLCpBJcj)C :1
f704(	JljlfSBspsfCLdpilcfJSsSIcicCdsljd)C :1
f705(	pIscSIdjsdillIJ)S :1
f706(	plSdBicBlLjldLIIBJLjjSpjljCccIfdcCfCJdCSLLdljICjcdcJs)d :1
f707(	fISBjLdjf)C :1
f708(	BpiCccfcpiJBdldcSCBIcILCBj)c :1
f709(	isfiBSjCIISSpfSpJsfdIfiJSCLilpfBcpi)c :1
f710(	dSjiJps)j :1
f711(	BcifBfpII)C :1
f712(	CjSdiScCLCSljfcclSJpiLsspcBsJCfLlCLcjpSsBld)j :1
f713(	cJsIscpdSBLIcBcSdpBCJCliIdIcddJBJfI)p :1
f714(	spSSJLIJpLJlpLsdilIicjScCilBpjBciSIdcfJdlCJjdfISjdLljBLLIIpsBpii)c :1
f715(	iCLBcIsLBCljjCIsfdsJllcIdcsijisdJBdljCIjScBpSIcCIipccdJccp)I :1
f716(	sLJpLjjSLdpccfdIiBlpijdIIjjjiBCJLLijSdpBdlc)B :1
f717(	BjdBCLIllfcCIlJIfCCJJLdJjdjscJpccLCsjJ)d :1
f718(	jBidLBIJsJspiC)i :1
f719(	CdCsjBiJpjfSCpjlfdlldcsCLjBcLIBdisCfsjjBcISssfdCpJpLLcdIJdJiiJS)L :1
f720(	IlcBscclISfSSBCfpfldpcjpLdCSsdCLlspfifjfsIsJjiIiSCSCSfdBp)C :1
f721(	ccjfppllsJscfliIsLdJccf)s :1
f722(	LsiJiLljsJScSBSdsipdLSCjSLJi)J :1
f723(	picsdjBlcSSiiJilJlcIJfLLiBjBICdsjBjjJjslpJBCsIfpCdsLpdjsBBSI)C :1
f724(	LLsSsfpjjlcJpSc)L :1
f725(	sliBjijLIJ)B :1
f726(	LsljjdLIpSdIIJSLlBddLSdsLIBCBccpiLSfLciJISBffilJIJjCdIIldIpBjf)f :1
f727(	lspISCBpjclIIScddJcfcJJcBicJSBjBsijJJjiClBJCilciSssipfIpsJIJJd)l :1
f728(	iCIdLpcifLJSillLfdcLpJJcsBLfBiLiJCiSdILfCiCJBfSdpIllcSLSSI)C :1
f729(	fdLIccpcJJdLdciBBLBpsljS)d :1
f730(	lSLfllpICdjBBcldfJc)S :1
f731(	ccldSiIliLiljSisCpiciIcjccILCLiSpcSCIppfjsJcj)d :1
f732(	LpLpCCdLScCcSdIJpJfdclp)d :1
f733(	BjiJjlSiICjlcSBsIc)j :1
f734(	JcCCBCsLdsBBpilScdlJCssSjSj)B :1
f735(	BidCJcspiBLJBpIIILJIIClLI)d :1
f736(	LISCjLclisfCJfdsdLlIs)I :1
f737(	Ld)s :1
f738(	lLiBIpSlicLBIddJJfjfpSjsJBSS)d :1
f739(	LlsclLdBiScCijCScLClJBdCSJsJdCClfIpjs)p :1
f740(	lClpjCdfSLBBicBJIJpcjdsspLBiBfdlBJjjpj)I :1
f741(	sIClJCsBpB)c :1
f742(	BijpCJsCjCpjLicJfjLCB)d :1
f743(	lcclfcpscspdiisjfiiICLjLlcjpCILpjpIIdSLcjjcffSIplpSpJfJSdc)C :1
f744(	jffcliJ)J :1
f745(	SLsppCLclJLjfJcLsilSjpfiLBcclLpdIcpsSjSdccIBlJLdB)I :1
f746(	JsCBdsccfpdpsBljiCp)S :1
f747(	dpSJicJijfdLBdlScpCfLB)C :1
f748(	lLCfjIsIsjclJlBCjBfJBJfcicBccsfpdcLjjddpjcICpjSiJCBJpd)l :1
f749(	BLSCdsBfSLif)l :1
f750(	LsjCiiLlLSfpdlLlfpiCBSiBsLL)l :1
f751(	IBSlJjcdSLLlljJSSsCCJiCdpCsjdfCIdjCjBsIiBs)B :1
f752(	plBcfsSjJIjilLdlJccJJScljJBJpcslLsLljBCcjLjCjI)p :1
f753(	jdlcspppi)p :1
f754(	sflfldlSILjjsScIpjSdBSlCJId)i :1
f755(	ppCLIBIiLLfISILJjsiBjScfdSIISfSclIfCjSjscILIfjBipIiipjsLplsc)j :1
f756(	ssBCiJjffJSlBsCcJdjBSSjJcSsiIpdLBBfiJiS)I :1
f757(	lcc)f :1
f758(	CISLIJcdCsSIJpsJjSJIl)C :1
f759(	dlflpBjcCBidjBcjsSpldJdjCsCJdSIdBiJpiCfJCSJLSlsJBcsBLsJfjL)j :1
f760(	cdicSBdLCfSiCfcjjicJIiJCJCccfJj)B :1
f761(	dCfdcJCddJcpLlicLBJcJLLpppLIiLdiffidj)j :1
f762(	ICcSfLLBjLJJiiiCsCflJlldjJSjcfIJcJdBSLBpjlIfcpciBdcJlLJCifLjpscf)p :1
f763(	fCpdBil)j :1
f764(	LiSCiSsBBBJCijdfSs)B :1
f765(	cCcsBcSiLpljsdl)J :1
f766(	flSdsjSpjsCLSipIjcIJifS)s :1
f767(	fIjjcfILsIBLLpSBBciidpfBSjIspLLLCs)s :1
f768(	cLBSCccddiBdjiSIssI)J :1
f769(	dpJljSpLJcfSCCjSsjsljCCfjJcLcLjBjcLBijpdllSfpfCciI)p :1
f770(	JdpCJdfLlipCjjCfcdfplslIcfJjSiIdiscBCBLfIJBdcsfsspBfcLiCldLdS)C :1
f771(	licLJcIIJcjJCpIIBSIdisiJfSSflIfifdcjcJdlljSfSLSicpiIcLBdcifLpLcLL)s :1
f772(	ppsjILpScJljlIf)C :1
f773(	lCjLjIIisJcdpSplJicSsIipcfjJplcIflCIc)l :1
f774(	SSdsCScpfIdsliJjIjBBiLCpJpBBfLfscfjssJcccBSLIdSdjSBfcCLlB)L :1
f775(	dIlCjjlpLSdfidsCICIiLpiJfJSJJcSjJBLCjidSlfCBfiCSJll)i :1
f776(	cBilidsISpBSjCpfCCJcildLfSijBLBc)p :1
f777(	LCSBJJplfifLSBdfCSjCciII)d :1
f778(	sdJBSisJIfsSjCliddIffJCipspsLLLBLi)c :1
f779(	LS)l :1
f780(	CfjLcCCBcJfdsc)i :1
f781(	isS)C :1
f782(	c)C :1
f783(	ISLslIIpidJIcLIsiisJjlldfBcdcSljJIpsfscsClLSisJplf)i :1
f784(	JcCjcsICjcLCJ)j :1
f785(	jLjpdsjSlLdIipfJidLfcBSSJIcL)c :1
f786(	CJiliiffLjllBcjfLfpjpdjCsclSfLdBSiLLLlJIsS)C :1
f787(	ilcCJdlifCjCSCj)C :1
f788(	jsSfdBlJlCpdScidCjjcCdBijslLLflscdCBdplJdjJsJdsLIpflpfcScpBflLCL)l :1
f789(	plcjSBBfSJfJiSISBsscj)S :1
f790(	JsJSiiBLslpLdfLfsiLfpcScCjSsBlCJfpfSCfBiJfCJpdIBSsfCSCsILJLLsd)i :1
f791(	psjBCJIpIJiS)j :1
f792(	ifcScIjSdsfLdCLSijJfjpIdJdJdsCfJBdfcIIIIliCJJdddjJpBiSBdSlfj)p :1
f793(	CfLcBsjIlCffpIppISiSiLJIldcJIdilpCpfiSicjsdiLpCsCjjjs)C :1
f794(	d)c :1
f795(	jJcfsdBBpI)i :1
f796(	jdIjSsSIIIdd)B :1
f797(	CBCsslpSJcSlCcCJ)S :1
f798(	jLspdJSIcsiCjjslpIiJpBLcLdsfjjlBSffSjCLlIcpBlBlIj)c :1
f799(	SCfifpJ)p :1
f800(	cIiIiSLfjIJdJidsIlLdpps)d :1
result: callback_suite: 1
using clib to test at: \Windows\system32\msvcrt.dll
pLib handle: 00007FF939710000
printf at: 00007FF939757EC0
path of lib looked up via handle: C:\WINDOWS\System32\msvcrt.dll
lib (inode:0) and looked up lib (inode:0) are same: 1
looked up path's needed buffer size (31) computed correctly: 1
pSyms handle: 0000020F4EA3F510
num of libc symbols: 1317
printf symbol found by iteration: 1
printf symbol name by index: printf
printf symbol name by its own address (00007FF939757EC0): printf
result: dynload_plain: 1
